ERROR - 2022-05-25 12:54:01 --> Table 'teste.tb_pessoas' doesn't exist
CRITICAL - 2022-05-25 12:54:01 --> Table 'teste.tb_pessoas' doesn't exist
#0 C:\wamp64\www\azovCars\codeigniterProjeto3\system\Database\MySQLi\Connection.php(292): mysqli->query('SELECT *\nFROM `...', 0)
#1 C:\wamp64\www\azovCars\codeigniterProjeto3\system\Database\BaseConnection.php(670): CodeIgniter\Database\MySQLi\Connection->execute('SELECT *\nFROM `...')
#2 C:\wamp64\www\azovCars\codeigniterProjeto3\system\Database\BaseConnection.php(598): CodeIgniter\Database\BaseConnection->simpleQuery('SELECT *\nFROM `...')
#3 C:\wamp64\www\azovCars\codeigniterProjeto3\system\Database\BaseBuilder.php(1455): CodeIgniter\Database\BaseConnection->query('SELECT *\nFROM `...', Array, false)
#4 C:\wamp64\www\azovCars\codeigniterProjeto3\system\Model.php(183): CodeIgniter\Database\BaseBuilder->get()
#5 C:\wamp64\www\azovCars\codeigniterProjeto3\system\BaseModel.php(584): CodeIgniter\Model->doFindAll(0, 0)
#6 C:\wamp64\www\azovCars\codeigniterProjeto3\app\Models\PessoasModel.php(13): CodeIgniter\BaseModel->findAll()
#7 C:\wamp64\www\azovCars\codeigniterProjeto3\app\Controllers\Home.php(31): App\Models\PessoasModel->getPessoas()
#8 C:\wamp64\www\azovCars\codeigniterProjeto3\system\CodeIgniter.php(825): App\Controllers\Home->pessoas()
#9 C:\wamp64\www\azovCars\codeigniterProjeto3\system\CodeIgniter.php(412): CodeIgniter\CodeIgniter->runController(Object(App\Controllers\Home))
#10 C:\wamp64\www\azovCars\codeigniterProjeto3\system\CodeIgniter.php(320): CodeIgniter\CodeIgniter->handleRequest(NULL, Object(Config\Cache), false)
#11 C:\wamp64\www\azovCars\codeigniterProjeto3\public\index.php(37): CodeIgniter\CodeIgniter->run()
#12 C:\wamp64\www\azovCars\codeigniterProjeto3\system\Commands\Server\rewrite.php(43): require_once('C:\\wamp64\\www\\a...')
#13 {main}
ERROR - 2022-05-25 12:58:48 --> Table 'teste.tb_pessoas' doesn't exist
CRITICAL - 2022-05-25 12:58:48 --> Table 'teste.tb_pessoas' doesn't exist
#0 C:\wamp64\www\azovCars\codeigniterProjeto3\system\Database\MySQLi\Connection.php(292): mysqli->query('SELECT *\nFROM `...', 0)
#1 C:\wamp64\www\azovCars\codeigniterProjeto3\system\Database\BaseConnection.php(670): CodeIgniter\Database\MySQLi\Connection->execute('SELECT *\nFROM `...')
#2 C:\wamp64\www\azovCars\codeigniterProjeto3\system\Database\BaseConnection.php(598): CodeIgniter\Database\BaseConnection->simpleQuery('SELECT *\nFROM `...')
#3 C:\wamp64\www\azovCars\codeigniterProjeto3\system\Database\BaseBuilder.php(1455): CodeIgniter\Database\BaseConnection->query('SELECT *\nFROM `...', Array, false)
#4 C:\wamp64\www\azovCars\codeigniterProjeto3\system\Model.php(183): CodeIgniter\Database\BaseBuilder->get()
#5 C:\wamp64\www\azovCars\codeigniterProjeto3\system\BaseModel.php(584): CodeIgniter\Model->doFindAll(0, 0)
#6 C:\wamp64\www\azovCars\codeigniterProjeto3\app\Models\PessoasModel.php(13): CodeIgniter\BaseModel->findAll()
#7 C:\wamp64\www\azovCars\codeigniterProjeto3\app\Controllers\Home.php(31): App\Models\PessoasModel->getPessoas()
#8 C:\wamp64\www\azovCars\codeigniterProjeto3\system\CodeIgniter.php(825): App\Controllers\Home->pessoas()
#9 C:\wamp64\www\azovCars\codeigniterProjeto3\system\CodeIgniter.php(412): CodeIgniter\CodeIgniter->runController(Object(App\Controllers\Home))
#10 C:\wamp64\www\azovCars\codeigniterProjeto3\system\CodeIgniter.php(320): CodeIgniter\CodeIgniter->handleRequest(NULL, Object(Config\Cache), false)
#11 C:\wamp64\www\azovCars\codeigniterProjeto3\public\index.php(37): CodeIgniter\CodeIgniter->run()
#12 C:\wamp64\www\azovCars\codeigniterProjeto3\system\Commands\Server\rewrite.php(43): require_once('C:\\wamp64\\www\\a...')
#13 {main}
ERROR - 2022-05-25 13:10:53 --> Column 'marca' cannot be null
CRITICAL - 2022-05-25 13:10:53 --> Column 'marca' cannot be null
#0 C:\wamp64\www\azovCars\codeigniterProjeto3\system\Database\MySQLi\Connection.php(292): mysqli->query('INSERT INTO `tb...', 0)
#1 C:\wamp64\www\azovCars\codeigniterProjeto3\system\Database\BaseConnection.php(670): CodeIgniter\Database\MySQLi\Connection->execute('INSERT INTO `tb...')
#2 C:\wamp64\www\azovCars\codeigniterProjeto3\system\Database\BaseConnection.php(598): CodeIgniter\Database\BaseConnection->simpleQuery('INSERT INTO `tb...')
#3 C:\wamp64\www\azovCars\codeigniterProjeto3\system\Database\BaseBuilder.php(1771): CodeIgniter\Database\BaseConnection->query('INSERT INTO `tb...', Array, false)
#4 C:\wamp64\www\azovCars\codeigniterProjeto3\system\Model.php(239): CodeIgniter\Database\BaseBuilder->insert()
#5 C:\wamp64\www\azovCars\codeigniterProjeto3\system\BaseModel.php(738): CodeIgniter\Model->doInsert(Array)
#6 C:\wamp64\www\azovCars\codeigniterProjeto3\system\Model.php(625): CodeIgniter\BaseModel->insert(Array, false)
#7 C:\wamp64\www\azovCars\codeigniterProjeto3\system\BaseModel.php(658): CodeIgniter\Model->insert(Array, false)
#8 C:\wamp64\www\azovCars\codeigniterProjeto3\app\Controllers\Home.php(52): CodeIgniter\BaseModel->save(Array)
#9 C:\wamp64\www\azovCars\codeigniterProjeto3\system\CodeIgniter.php(825): App\Controllers\Home->gravar()
#10 C:\wamp64\www\azovCars\codeigniterProjeto3\system\CodeIgniter.php(412): CodeIgniter\CodeIgniter->runController(Object(App\Controllers\Home))
#11 C:\wamp64\www\azovCars\codeigniterProjeto3\system\CodeIgniter.php(320): CodeIgniter\CodeIgniter->handleRequest(NULL, Object(Config\Cache), false)
#12 C:\wamp64\www\azovCars\codeigniterProjeto3\public\index.php(37): CodeIgniter\CodeIgniter->run()
#13 C:\wamp64\www\azovCars\codeigniterProjeto3\system\Commands\Server\rewrite.php(43): require_once('C:\\wamp64\\www\\a...')
#14 {main}
ERROR - 2022-05-25 13:11:05 --> Column 'marca' cannot be null
CRITICAL - 2022-05-25 13:11:05 --> Column 'marca' cannot be null
#0 C:\wamp64\www\azovCars\codeigniterProjeto3\system\Database\MySQLi\Connection.php(292): mysqli->query('INSERT INTO `tb...', 0)
#1 C:\wamp64\www\azovCars\codeigniterProjeto3\system\Database\BaseConnection.php(670): CodeIgniter\Database\MySQLi\Connection->execute('INSERT INTO `tb...')
#2 C:\wamp64\www\azovCars\codeigniterProjeto3\system\Database\BaseConnection.php(598): CodeIgniter\Database\BaseConnection->simpleQuery('INSERT INTO `tb...')
#3 C:\wamp64\www\azovCars\codeigniterProjeto3\system\Database\BaseBuilder.php(1771): CodeIgniter\Database\BaseConnection->query('INSERT INTO `tb...', Array, false)
#4 C:\wamp64\www\azovCars\codeigniterProjeto3\system\Model.php(239): CodeIgniter\Database\BaseBuilder->insert()
#5 C:\wamp64\www\azovCars\codeigniterProjeto3\system\BaseModel.php(738): CodeIgniter\Model->doInsert(Array)
#6 C:\wamp64\www\azovCars\codeigniterProjeto3\system\Model.php(625): CodeIgniter\BaseModel->insert(Array, false)
#7 C:\wamp64\www\azovCars\codeigniterProjeto3\system\BaseModel.php(658): CodeIgniter\Model->insert(Array, false)
#8 C:\wamp64\www\azovCars\codeigniterProjeto3\app\Controllers\Home.php(52): CodeIgniter\BaseModel->save(Array)
#9 C:\wamp64\www\azovCars\codeigniterProjeto3\system\CodeIgniter.php(825): App\Controllers\Home->gravar()
#10 C:\wamp64\www\azovCars\codeigniterProjeto3\system\CodeIgniter.php(412): CodeIgniter\CodeIgniter->runController(Object(App\Controllers\Home))
#11 C:\wamp64\www\azovCars\codeigniterProjeto3\system\CodeIgniter.php(320): CodeIgniter\CodeIgniter->handleRequest(NULL, Object(Config\Cache), false)
#12 C:\wamp64\www\azovCars\codeigniterProjeto3\public\index.php(37): CodeIgniter\CodeIgniter->run()
#13 C:\wamp64\www\azovCars\codeigniterProjeto3\system\Commands\Server\rewrite.php(43): require_once('C:\\wamp64\\www\\a...')
#14 {main}
