CRITICAL - 2022-05-28 11:50:30 --> Invalid file: public.php
#0 C:\wamp64\www\PW3\codeigniterProjeto3\system\View\View.php(198): CodeIgniter\Exceptions\FrameworkException::forInvalidFile('public.php')
#1 C:\wamp64\www\PW3\codeigniterProjeto3\system\Common.php(1089): CodeIgniter\View\View->render('public', Array, true)
#2 C:\wamp64\www\PW3\codeigniterProjeto3\app\Controllers\Home.php(20): view('public')
#3 C:\wamp64\www\PW3\codeigniterProjeto3\system\CodeIgniter.php(825): App\Controllers\Home->page('public', 'style.css')
#4 C:\wamp64\www\PW3\codeigniterProjeto3\system\CodeIgniter.php(412): CodeIgniter\CodeIgniter->runController(Object(App\Controllers\Home))
#5 C:\wamp64\www\PW3\codeigniterProjeto3\system\CodeIgniter.php(320): CodeIgniter\CodeIgniter->handleRequest(NULL, Object(Config\Cache), false)
#6 C:\wamp64\www\PW3\codeigniterProjeto3\public\index.php(37): CodeIgniter\CodeIgniter->run()
#7 C:\wamp64\www\PW3\codeigniterProjeto3\system\Commands\Server\rewrite.php(43): require_once('C:\\wamp64\\www\\P...')
#8 {main}
CRITICAL - 2022-05-28 11:50:30 --> Invalid file: public.php
#0 C:\wamp64\www\PW3\codeigniterProjeto3\system\View\View.php(198): CodeIgniter\Exceptions\FrameworkException::forInvalidFile('public.php')
#1 C:\wamp64\www\PW3\codeigniterProjeto3\system\Common.php(1089): CodeIgniter\View\View->render('public', Array, true)
#2 C:\wamp64\www\PW3\codeigniterProjeto3\app\Controllers\Home.php(20): view('public')
#3 C:\wamp64\www\PW3\codeigniterProjeto3\system\CodeIgniter.php(825): App\Controllers\Home->page('public', 'barraLateral.js')
#4 C:\wamp64\www\PW3\codeigniterProjeto3\system\CodeIgniter.php(412): CodeIgniter\CodeIgniter->runController(Object(App\Controllers\Home))
#5 C:\wamp64\www\PW3\codeigniterProjeto3\system\CodeIgniter.php(320): CodeIgniter\CodeIgniter->handleRequest(NULL, Object(Config\Cache), false)
#6 C:\wamp64\www\PW3\codeigniterProjeto3\public\index.php(37): CodeIgniter\CodeIgniter->run()
#7 C:\wamp64\www\PW3\codeigniterProjeto3\system\Commands\Server\rewrite.php(43): require_once('C:\\wamp64\\www\\P...')
#8 {main}
CRITICAL - 2022-05-28 11:50:57 --> Invalid file: public.php
#0 C:\wamp64\www\PW3\codeigniterProjeto3\system\View\View.php(198): CodeIgniter\Exceptions\FrameworkException::forInvalidFile('public.php')
#1 C:\wamp64\www\PW3\codeigniterProjeto3\system\Common.php(1089): CodeIgniter\View\View->render('public', Array, true)
#2 C:\wamp64\www\PW3\codeigniterProjeto3\app\Controllers\Home.php(20): view('public')
#3 C:\wamp64\www\PW3\codeigniterProjeto3\system\CodeIgniter.php(825): App\Controllers\Home->page('public', 'style.css')
#4 C:\wamp64\www\PW3\codeigniterProjeto3\system\CodeIgniter.php(412): CodeIgniter\CodeIgniter->runController(Object(App\Controllers\Home))
#5 C:\wamp64\www\PW3\codeigniterProjeto3\system\CodeIgniter.php(320): CodeIgniter\CodeIgniter->handleRequest(NULL, Object(Config\Cache), false)
#6 C:\wamp64\www\PW3\codeigniterProjeto3\public\index.php(37): CodeIgniter\CodeIgniter->run()
#7 C:\wamp64\www\PW3\codeigniterProjeto3\system\Commands\Server\rewrite.php(43): require_once('C:\\wamp64\\www\\P...')
#8 {main}
CRITICAL - 2022-05-28 11:50:57 --> Invalid file: public.php
#0 C:\wamp64\www\PW3\codeigniterProjeto3\system\View\View.php(198): CodeIgniter\Exceptions\FrameworkException::forInvalidFile('public.php')
#1 C:\wamp64\www\PW3\codeigniterProjeto3\system\Common.php(1089): CodeIgniter\View\View->render('public', Array, true)
#2 C:\wamp64\www\PW3\codeigniterProjeto3\app\Controllers\Home.php(20): view('public')
#3 C:\wamp64\www\PW3\codeigniterProjeto3\system\CodeIgniter.php(825): App\Controllers\Home->page('public', 'barraLateral.js')
#4 C:\wamp64\www\PW3\codeigniterProjeto3\system\CodeIgniter.php(412): CodeIgniter\CodeIgniter->runController(Object(App\Controllers\Home))
#5 C:\wamp64\www\PW3\codeigniterProjeto3\system\CodeIgniter.php(320): CodeIgniter\CodeIgniter->handleRequest(NULL, Object(Config\Cache), false)
#6 C:\wamp64\www\PW3\codeigniterProjeto3\public\index.php(37): CodeIgniter\CodeIgniter->run()
#7 C:\wamp64\www\PW3\codeigniterProjeto3\system\Commands\Server\rewrite.php(43): require_once('C:\\wamp64\\www\\P...')
#8 {main}
CRITICAL - 2022-05-28 11:50:58 --> Invalid file: public.php
#0 C:\wamp64\www\PW3\codeigniterProjeto3\system\View\View.php(198): CodeIgniter\Exceptions\FrameworkException::forInvalidFile('public.php')
#1 C:\wamp64\www\PW3\codeigniterProjeto3\system\Common.php(1089): CodeIgniter\View\View->render('public', Array, true)
#2 C:\wamp64\www\PW3\codeigniterProjeto3\app\Controllers\Home.php(20): view('public')
#3 C:\wamp64\www\PW3\codeigniterProjeto3\system\CodeIgniter.php(825): App\Controllers\Home->page('public', 'style.css')
#4 C:\wamp64\www\PW3\codeigniterProjeto3\system\CodeIgniter.php(412): CodeIgniter\CodeIgniter->runController(Object(App\Controllers\Home))
#5 C:\wamp64\www\PW3\codeigniterProjeto3\system\CodeIgniter.php(320): CodeIgniter\CodeIgniter->handleRequest(NULL, Object(Config\Cache), false)
#6 C:\wamp64\www\PW3\codeigniterProjeto3\public\index.php(37): CodeIgniter\CodeIgniter->run()
#7 C:\wamp64\www\PW3\codeigniterProjeto3\system\Commands\Server\rewrite.php(43): require_once('C:\\wamp64\\www\\P...')
#8 {main}
CRITICAL - 2022-05-28 11:50:58 --> Invalid file: public.php
#0 C:\wamp64\www\PW3\codeigniterProjeto3\system\View\View.php(198): CodeIgniter\Exceptions\FrameworkException::forInvalidFile('public.php')
#1 C:\wamp64\www\PW3\codeigniterProjeto3\system\Common.php(1089): CodeIgniter\View\View->render('public', Array, true)
#2 C:\wamp64\www\PW3\codeigniterProjeto3\app\Controllers\Home.php(20): view('public')
#3 C:\wamp64\www\PW3\codeigniterProjeto3\system\CodeIgniter.php(825): App\Controllers\Home->page('public', 'barraLateral.js')
#4 C:\wamp64\www\PW3\codeigniterProjeto3\system\CodeIgniter.php(412): CodeIgniter\CodeIgniter->runController(Object(App\Controllers\Home))
#5 C:\wamp64\www\PW3\codeigniterProjeto3\system\CodeIgniter.php(320): CodeIgniter\CodeIgniter->handleRequest(NULL, Object(Config\Cache), false)
#6 C:\wamp64\www\PW3\codeigniterProjeto3\public\index.php(37): CodeIgniter\CodeIgniter->run()
#7 C:\wamp64\www\PW3\codeigniterProjeto3\system\Commands\Server\rewrite.php(43): require_once('C:\\wamp64\\www\\P...')
#8 {main}
CRITICAL - 2022-05-28 11:50:59 --> Invalid file: public.php
#0 C:\wamp64\www\PW3\codeigniterProjeto3\system\View\View.php(198): CodeIgniter\Exceptions\FrameworkException::forInvalidFile('public.php')
#1 C:\wamp64\www\PW3\codeigniterProjeto3\system\Common.php(1089): CodeIgniter\View\View->render('public', Array, true)
#2 C:\wamp64\www\PW3\codeigniterProjeto3\app\Controllers\Home.php(20): view('public')
#3 C:\wamp64\www\PW3\codeigniterProjeto3\system\CodeIgniter.php(825): App\Controllers\Home->page('public', 'style.css')
#4 C:\wamp64\www\PW3\codeigniterProjeto3\system\CodeIgniter.php(412): CodeIgniter\CodeIgniter->runController(Object(App\Controllers\Home))
#5 C:\wamp64\www\PW3\codeigniterProjeto3\system\CodeIgniter.php(320): CodeIgniter\CodeIgniter->handleRequest(NULL, Object(Config\Cache), false)
#6 C:\wamp64\www\PW3\codeigniterProjeto3\public\index.php(37): CodeIgniter\CodeIgniter->run()
#7 C:\wamp64\www\PW3\codeigniterProjeto3\system\Commands\Server\rewrite.php(43): require_once('C:\\wamp64\\www\\P...')
#8 {main}
CRITICAL - 2022-05-28 11:50:59 --> Invalid file: public.php
#0 C:\wamp64\www\PW3\codeigniterProjeto3\system\View\View.php(198): CodeIgniter\Exceptions\FrameworkException::forInvalidFile('public.php')
#1 C:\wamp64\www\PW3\codeigniterProjeto3\system\Common.php(1089): CodeIgniter\View\View->render('public', Array, true)
#2 C:\wamp64\www\PW3\codeigniterProjeto3\app\Controllers\Home.php(20): view('public')
#3 C:\wamp64\www\PW3\codeigniterProjeto3\system\CodeIgniter.php(825): App\Controllers\Home->page('public', 'barraLateral.js')
#4 C:\wamp64\www\PW3\codeigniterProjeto3\system\CodeIgniter.php(412): CodeIgniter\CodeIgniter->runController(Object(App\Controllers\Home))
#5 C:\wamp64\www\PW3\codeigniterProjeto3\system\CodeIgniter.php(320): CodeIgniter\CodeIgniter->handleRequest(NULL, Object(Config\Cache), false)
#6 C:\wamp64\www\PW3\codeigniterProjeto3\public\index.php(37): CodeIgniter\CodeIgniter->run()
#7 C:\wamp64\www\PW3\codeigniterProjeto3\system\Commands\Server\rewrite.php(43): require_once('C:\\wamp64\\www\\P...')
#8 {main}
CRITICAL - 2022-05-28 11:50:59 --> Invalid file: public.php
#0 C:\wamp64\www\PW3\codeigniterProjeto3\system\View\View.php(198): CodeIgniter\Exceptions\FrameworkException::forInvalidFile('public.php')
#1 C:\wamp64\www\PW3\codeigniterProjeto3\system\Common.php(1089): CodeIgniter\View\View->render('public', Array, true)
#2 C:\wamp64\www\PW3\codeigniterProjeto3\app\Controllers\Home.php(20): view('public')
#3 C:\wamp64\www\PW3\codeigniterProjeto3\system\CodeIgniter.php(825): App\Controllers\Home->page('public', 'style.css')
#4 C:\wamp64\www\PW3\codeigniterProjeto3\system\CodeIgniter.php(412): CodeIgniter\CodeIgniter->runController(Object(App\Controllers\Home))
#5 C:\wamp64\www\PW3\codeigniterProjeto3\system\CodeIgniter.php(320): CodeIgniter\CodeIgniter->handleRequest(NULL, Object(Config\Cache), false)
#6 C:\wamp64\www\PW3\codeigniterProjeto3\public\index.php(37): CodeIgniter\CodeIgniter->run()
#7 C:\wamp64\www\PW3\codeigniterProjeto3\system\Commands\Server\rewrite.php(43): require_once('C:\\wamp64\\www\\P...')
#8 {main}
CRITICAL - 2022-05-28 11:50:59 --> Invalid file: public.php
#0 C:\wamp64\www\PW3\codeigniterProjeto3\system\View\View.php(198): CodeIgniter\Exceptions\FrameworkException::forInvalidFile('public.php')
#1 C:\wamp64\www\PW3\codeigniterProjeto3\system\Common.php(1089): CodeIgniter\View\View->render('public', Array, true)
#2 C:\wamp64\www\PW3\codeigniterProjeto3\app\Controllers\Home.php(20): view('public')
#3 C:\wamp64\www\PW3\codeigniterProjeto3\system\CodeIgniter.php(825): App\Controllers\Home->page('public', 'barraLateral.js')
#4 C:\wamp64\www\PW3\codeigniterProjeto3\system\CodeIgniter.php(412): CodeIgniter\CodeIgniter->runController(Object(App\Controllers\Home))
#5 C:\wamp64\www\PW3\codeigniterProjeto3\system\CodeIgniter.php(320): CodeIgniter\CodeIgniter->handleRequest(NULL, Object(Config\Cache), false)
#6 C:\wamp64\www\PW3\codeigniterProjeto3\public\index.php(37): CodeIgniter\CodeIgniter->run()
#7 C:\wamp64\www\PW3\codeigniterProjeto3\system\Commands\Server\rewrite.php(43): require_once('C:\\wamp64\\www\\P...')
#8 {main}
CRITICAL - 2022-05-28 11:50:59 --> Invalid file: public.php
#0 C:\wamp64\www\PW3\codeigniterProjeto3\system\View\View.php(198): CodeIgniter\Exceptions\FrameworkException::forInvalidFile('public.php')
#1 C:\wamp64\www\PW3\codeigniterProjeto3\system\Common.php(1089): CodeIgniter\View\View->render('public', Array, true)
#2 C:\wamp64\www\PW3\codeigniterProjeto3\app\Controllers\Home.php(20): view('public')
#3 C:\wamp64\www\PW3\codeigniterProjeto3\system\CodeIgniter.php(825): App\Controllers\Home->page('public', 'style.css')
#4 C:\wamp64\www\PW3\codeigniterProjeto3\system\CodeIgniter.php(412): CodeIgniter\CodeIgniter->runController(Object(App\Controllers\Home))
#5 C:\wamp64\www\PW3\codeigniterProjeto3\system\CodeIgniter.php(320): CodeIgniter\CodeIgniter->handleRequest(NULL, Object(Config\Cache), false)
#6 C:\wamp64\www\PW3\codeigniterProjeto3\public\index.php(37): CodeIgniter\CodeIgniter->run()
#7 C:\wamp64\www\PW3\codeigniterProjeto3\system\Commands\Server\rewrite.php(43): require_once('C:\\wamp64\\www\\P...')
#8 {main}
CRITICAL - 2022-05-28 11:50:59 --> Invalid file: public.php
#0 C:\wamp64\www\PW3\codeigniterProjeto3\system\View\View.php(198): CodeIgniter\Exceptions\FrameworkException::forInvalidFile('public.php')
#1 C:\wamp64\www\PW3\codeigniterProjeto3\system\Common.php(1089): CodeIgniter\View\View->render('public', Array, true)
#2 C:\wamp64\www\PW3\codeigniterProjeto3\app\Controllers\Home.php(20): view('public')
#3 C:\wamp64\www\PW3\codeigniterProjeto3\system\CodeIgniter.php(825): App\Controllers\Home->page('public', 'barraLateral.js')
#4 C:\wamp64\www\PW3\codeigniterProjeto3\system\CodeIgniter.php(412): CodeIgniter\CodeIgniter->runController(Object(App\Controllers\Home))
#5 C:\wamp64\www\PW3\codeigniterProjeto3\system\CodeIgniter.php(320): CodeIgniter\CodeIgniter->handleRequest(NULL, Object(Config\Cache), false)
#6 C:\wamp64\www\PW3\codeigniterProjeto3\public\index.php(37): CodeIgniter\CodeIgniter->run()
#7 C:\wamp64\www\PW3\codeigniterProjeto3\system\Commands\Server\rewrite.php(43): require_once('C:\\wamp64\\www\\P...')
#8 {main}
CRITICAL - 2022-05-28 11:51:22 --> Invalid file: public.php
#0 C:\wamp64\www\PW3\codeigniterProjeto3\system\View\View.php(198): CodeIgniter\Exceptions\FrameworkException::forInvalidFile('public.php')
#1 C:\wamp64\www\PW3\codeigniterProjeto3\system\Common.php(1089): CodeIgniter\View\View->render('public', Array, true)
#2 C:\wamp64\www\PW3\codeigniterProjeto3\app\Controllers\Home.php(20): view('public')
#3 C:\wamp64\www\PW3\codeigniterProjeto3\system\CodeIgniter.php(825): App\Controllers\Home->page('public', 'style.css')
#4 C:\wamp64\www\PW3\codeigniterProjeto3\system\CodeIgniter.php(412): CodeIgniter\CodeIgniter->runController(Object(App\Controllers\Home))
#5 C:\wamp64\www\PW3\codeigniterProjeto3\system\CodeIgniter.php(320): CodeIgniter\CodeIgniter->handleRequest(NULL, Object(Config\Cache), false)
#6 C:\wamp64\www\PW3\codeigniterProjeto3\public\index.php(37): CodeIgniter\CodeIgniter->run()
#7 C:\wamp64\www\PW3\codeigniterProjeto3\system\Commands\Server\rewrite.php(43): require_once('C:\\wamp64\\www\\P...')
#8 {main}
ERROR - 2022-05-28 11:52:00 --> Error connecting to the database: Nenhuma conexão pôde ser feita porque a máquina de destino as recusou ativamente
CRITICAL - 2022-05-28 11:52:00 --> Unable to connect to the database.
Main connection [MySQLi]: Nenhuma conexão pôde ser feita porque a máquina de destino as recusou ativamente
#0 C:\wamp64\www\PW3\codeigniterProjeto3\system\Database\BaseConnection.php(577): CodeIgniter\Database\BaseConnection->initialize()
#1 C:\wamp64\www\PW3\codeigniterProjeto3\system\Database\BaseBuilder.php(1455): CodeIgniter\Database\BaseConnection->query('SELECT *\nFROM `...', Array, false)
#2 C:\wamp64\www\PW3\codeigniterProjeto3\system\Model.php(183): CodeIgniter\Database\BaseBuilder->get()
#3 C:\wamp64\www\PW3\codeigniterProjeto3\system\BaseModel.php(584): CodeIgniter\Model->doFindAll(0, 0)
#4 C:\wamp64\www\PW3\codeigniterProjeto3\app\Models\PessoasModel.php(13): CodeIgniter\BaseModel->findAll()
#5 C:\wamp64\www\PW3\codeigniterProjeto3\app\Controllers\Home.php(29): App\Models\PessoasModel->getPessoas()
#6 C:\wamp64\www\PW3\codeigniterProjeto3\system\CodeIgniter.php(825): App\Controllers\Home->pessoas()
#7 C:\wamp64\www\PW3\codeigniterProjeto3\system\CodeIgniter.php(412): CodeIgniter\CodeIgniter->runController(Object(App\Controllers\Home))
#8 C:\wamp64\www\PW3\codeigniterProjeto3\system\CodeIgniter.php(320): CodeIgniter\CodeIgniter->handleRequest(NULL, Object(Config\Cache), false)
#9 C:\wamp64\www\PW3\codeigniterProjeto3\public\index.php(37): CodeIgniter\CodeIgniter->run()
#10 C:\wamp64\www\PW3\codeigniterProjeto3\system\Commands\Server\rewrite.php(43): require_once('C:\\wamp64\\www\\P...')
#11 {main}
CRITICAL - 2022-05-28 11:52:00 --> Invalid file: public.php
#0 C:\wamp64\www\PW3\codeigniterProjeto3\system\View\View.php(198): CodeIgniter\Exceptions\FrameworkException::forInvalidFile('public.php')
#1 C:\wamp64\www\PW3\codeigniterProjeto3\system\Common.php(1089): CodeIgniter\View\View->render('public', Array, true)
#2 C:\wamp64\www\PW3\codeigniterProjeto3\app\Controllers\Home.php(20): view('public')
#3 C:\wamp64\www\PW3\codeigniterProjeto3\system\CodeIgniter.php(825): App\Controllers\Home->page('public', 'style.css')
#4 C:\wamp64\www\PW3\codeigniterProjeto3\system\CodeIgniter.php(412): CodeIgniter\CodeIgniter->runController(Object(App\Controllers\Home))
#5 C:\wamp64\www\PW3\codeigniterProjeto3\system\CodeIgniter.php(320): CodeIgniter\CodeIgniter->handleRequest(NULL, Object(Config\Cache), false)
#6 C:\wamp64\www\PW3\codeigniterProjeto3\public\index.php(37): CodeIgniter\CodeIgniter->run()
#7 C:\wamp64\www\PW3\codeigniterProjeto3\system\Commands\Server\rewrite.php(43): require_once('C:\\wamp64\\www\\P...')
#8 {main}
CRITICAL - 2022-05-28 11:52:00 --> Invalid file: public.php
#0 C:\wamp64\www\PW3\codeigniterProjeto3\system\View\View.php(198): CodeIgniter\Exceptions\FrameworkException::forInvalidFile('public.php')
#1 C:\wamp64\www\PW3\codeigniterProjeto3\system\Common.php(1089): CodeIgniter\View\View->render('public', Array, true)
#2 C:\wamp64\www\PW3\codeigniterProjeto3\app\Controllers\Home.php(20): view('public')
#3 C:\wamp64\www\PW3\codeigniterProjeto3\system\CodeIgniter.php(825): App\Controllers\Home->page('public', 'barraLateral.js')
#4 C:\wamp64\www\PW3\codeigniterProjeto3\system\CodeIgniter.php(412): CodeIgniter\CodeIgniter->runController(Object(App\Controllers\Home))
#5 C:\wamp64\www\PW3\codeigniterProjeto3\system\CodeIgniter.php(320): CodeIgniter\CodeIgniter->handleRequest(NULL, Object(Config\Cache), false)
#6 C:\wamp64\www\PW3\codeigniterProjeto3\public\index.php(37): CodeIgniter\CodeIgniter->run()
#7 C:\wamp64\www\PW3\codeigniterProjeto3\system\Commands\Server\rewrite.php(43): require_once('C:\\wamp64\\www\\P...')
#8 {main}
CRITICAL - 2022-05-28 11:52:01 --> Invalid file: public.php
#0 C:\wamp64\www\PW3\codeigniterProjeto3\system\View\View.php(198): CodeIgniter\Exceptions\FrameworkException::forInvalidFile('public.php')
#1 C:\wamp64\www\PW3\codeigniterProjeto3\system\Common.php(1089): CodeIgniter\View\View->render('public', Array, true)
#2 C:\wamp64\www\PW3\codeigniterProjeto3\app\Controllers\Home.php(20): view('public')
#3 C:\wamp64\www\PW3\codeigniterProjeto3\system\CodeIgniter.php(825): App\Controllers\Home->page('public', 'style.css')
#4 C:\wamp64\www\PW3\codeigniterProjeto3\system\CodeIgniter.php(412): CodeIgniter\CodeIgniter->runController(Object(App\Controllers\Home))
#5 C:\wamp64\www\PW3\codeigniterProjeto3\system\CodeIgniter.php(320): CodeIgniter\CodeIgniter->handleRequest(NULL, Object(Config\Cache), false)
#6 C:\wamp64\www\PW3\codeigniterProjeto3\public\index.php(37): CodeIgniter\CodeIgniter->run()
#7 C:\wamp64\www\PW3\codeigniterProjeto3\system\Commands\Server\rewrite.php(43): require_once('C:\\wamp64\\www\\P...')
#8 {main}
CRITICAL - 2022-05-28 11:52:01 --> Invalid file: public.php
#0 C:\wamp64\www\PW3\codeigniterProjeto3\system\View\View.php(198): CodeIgniter\Exceptions\FrameworkException::forInvalidFile('public.php')
#1 C:\wamp64\www\PW3\codeigniterProjeto3\system\Common.php(1089): CodeIgniter\View\View->render('public', Array, true)
#2 C:\wamp64\www\PW3\codeigniterProjeto3\app\Controllers\Home.php(20): view('public')
#3 C:\wamp64\www\PW3\codeigniterProjeto3\system\CodeIgniter.php(825): App\Controllers\Home->page('public', 'barraLateral.js')
#4 C:\wamp64\www\PW3\codeigniterProjeto3\system\CodeIgniter.php(412): CodeIgniter\CodeIgniter->runController(Object(App\Controllers\Home))
#5 C:\wamp64\www\PW3\codeigniterProjeto3\system\CodeIgniter.php(320): CodeIgniter\CodeIgniter->handleRequest(NULL, Object(Config\Cache), false)
#6 C:\wamp64\www\PW3\codeigniterProjeto3\public\index.php(37): CodeIgniter\CodeIgniter->run()
#7 C:\wamp64\www\PW3\codeigniterProjeto3\system\Commands\Server\rewrite.php(43): require_once('C:\\wamp64\\www\\P...')
#8 {main}
CRITICAL - 2022-05-28 11:52:02 --> Invalid file: public.php
#0 C:\wamp64\www\PW3\codeigniterProjeto3\system\View\View.php(198): CodeIgniter\Exceptions\FrameworkException::forInvalidFile('public.php')
#1 C:\wamp64\www\PW3\codeigniterProjeto3\system\Common.php(1089): CodeIgniter\View\View->render('public', Array, true)
#2 C:\wamp64\www\PW3\codeigniterProjeto3\app\Controllers\Home.php(20): view('public')
#3 C:\wamp64\www\PW3\codeigniterProjeto3\system\CodeIgniter.php(825): App\Controllers\Home->page('public', 'style.css')
#4 C:\wamp64\www\PW3\codeigniterProjeto3\system\CodeIgniter.php(412): CodeIgniter\CodeIgniter->runController(Object(App\Controllers\Home))
#5 C:\wamp64\www\PW3\codeigniterProjeto3\system\CodeIgniter.php(320): CodeIgniter\CodeIgniter->handleRequest(NULL, Object(Config\Cache), false)
#6 C:\wamp64\www\PW3\codeigniterProjeto3\public\index.php(37): CodeIgniter\CodeIgniter->run()
#7 C:\wamp64\www\PW3\codeigniterProjeto3\system\Commands\Server\rewrite.php(43): require_once('C:\\wamp64\\www\\P...')
#8 {main}
CRITICAL - 2022-05-28 11:52:02 --> Invalid file: public.php
#0 C:\wamp64\www\PW3\codeigniterProjeto3\system\View\View.php(198): CodeIgniter\Exceptions\FrameworkException::forInvalidFile('public.php')
#1 C:\wamp64\www\PW3\codeigniterProjeto3\system\Common.php(1089): CodeIgniter\View\View->render('public', Array, true)
#2 C:\wamp64\www\PW3\codeigniterProjeto3\app\Controllers\Home.php(20): view('public')
#3 C:\wamp64\www\PW3\codeigniterProjeto3\system\CodeIgniter.php(825): App\Controllers\Home->page('public', 'barraLateral.js')
#4 C:\wamp64\www\PW3\codeigniterProjeto3\system\CodeIgniter.php(412): CodeIgniter\CodeIgniter->runController(Object(App\Controllers\Home))
#5 C:\wamp64\www\PW3\codeigniterProjeto3\system\CodeIgniter.php(320): CodeIgniter\CodeIgniter->handleRequest(NULL, Object(Config\Cache), false)
#6 C:\wamp64\www\PW3\codeigniterProjeto3\public\index.php(37): CodeIgniter\CodeIgniter->run()
#7 C:\wamp64\www\PW3\codeigniterProjeto3\system\Commands\Server\rewrite.php(43): require_once('C:\\wamp64\\www\\P...')
#8 {main}
ERROR - 2022-05-28 11:52:59 --> Error connecting to the database: Nenhuma conexão pôde ser feita porque a máquina de destino as recusou ativamente
CRITICAL - 2022-05-28 11:52:59 --> Unable to connect to the database.
Main connection [MySQLi]: Nenhuma conexão pôde ser feita porque a máquina de destino as recusou ativamente
#0 C:\wamp64\www\PW3\codeigniterProjeto3\system\Database\BaseConnection.php(577): CodeIgniter\Database\BaseConnection->initialize()
#1 C:\wamp64\www\PW3\codeigniterProjeto3\system\Database\BaseBuilder.php(1455): CodeIgniter\Database\BaseConnection->query('SELECT *\nFROM `...', Array, false)
#2 C:\wamp64\www\PW3\codeigniterProjeto3\system\Model.php(183): CodeIgniter\Database\BaseBuilder->get()
#3 C:\wamp64\www\PW3\codeigniterProjeto3\system\BaseModel.php(584): CodeIgniter\Model->doFindAll(0, 0)
#4 C:\wamp64\www\PW3\codeigniterProjeto3\app\Models\PessoasModel.php(13): CodeIgniter\BaseModel->findAll()
#5 C:\wamp64\www\PW3\codeigniterProjeto3\app\Controllers\Home.php(29): App\Models\PessoasModel->getPessoas()
#6 C:\wamp64\www\PW3\codeigniterProjeto3\system\CodeIgniter.php(825): App\Controllers\Home->pessoas()
#7 C:\wamp64\www\PW3\codeigniterProjeto3\system\CodeIgniter.php(412): CodeIgniter\CodeIgniter->runController(Object(App\Controllers\Home))
#8 C:\wamp64\www\PW3\codeigniterProjeto3\system\CodeIgniter.php(320): CodeIgniter\CodeIgniter->handleRequest(NULL, Object(Config\Cache), false)
#9 C:\wamp64\www\PW3\codeigniterProjeto3\public\index.php(37): CodeIgniter\CodeIgniter->run()
#10 C:\wamp64\www\PW3\codeigniterProjeto3\system\Commands\Server\rewrite.php(43): require_once('C:\\wamp64\\www\\P...')
#11 {main}
ERROR - 2022-05-28 12:03:52 --> Error connecting to the database: Nenhuma conexão pôde ser feita porque a máquina de destino as recusou ativamente
CRITICAL - 2022-05-28 12:03:52 --> Unable to connect to the database.
Main connection [MySQLi]: Nenhuma conexão pôde ser feita porque a máquina de destino as recusou ativamente
#0 C:\wamp64\www\PW3\codeigniterProjeto3\system\Database\BaseConnection.php(577): CodeIgniter\Database\BaseConnection->initialize()
#1 C:\wamp64\www\PW3\codeigniterProjeto3\system\Database\BaseBuilder.php(1455): CodeIgniter\Database\BaseConnection->query('SELECT *\nFROM `...', Array, false)
#2 C:\wamp64\www\PW3\codeigniterProjeto3\system\Model.php(183): CodeIgniter\Database\BaseBuilder->get()
#3 C:\wamp64\www\PW3\codeigniterProjeto3\system\BaseModel.php(584): CodeIgniter\Model->doFindAll(0, 0)
#4 C:\wamp64\www\PW3\codeigniterProjeto3\app\Models\PessoasModel.php(13): CodeIgniter\BaseModel->findAll()
#5 C:\wamp64\www\PW3\codeigniterProjeto3\app\Controllers\Home.php(27): App\Models\PessoasModel->getPessoas()
#6 C:\wamp64\www\PW3\codeigniterProjeto3\system\CodeIgniter.php(825): App\Controllers\Home->pessoas()
#7 C:\wamp64\www\PW3\codeigniterProjeto3\system\CodeIgniter.php(412): CodeIgniter\CodeIgniter->runController(Object(App\Controllers\Home))
#8 C:\wamp64\www\PW3\codeigniterProjeto3\system\CodeIgniter.php(320): CodeIgniter\CodeIgniter->handleRequest(NULL, Object(Config\Cache), false)
#9 C:\wamp64\www\PW3\codeigniterProjeto3\public\index.php(37): CodeIgniter\CodeIgniter->run()
#10 C:\wamp64\www\PW3\codeigniterProjeto3\system\Commands\Server\rewrite.php(43): require_once('C:\\wamp64\\www\\P...')
#11 {main}
ERROR - 2022-05-28 12:03:56 --> Error connecting to the database: Nenhuma conexão pôde ser feita porque a máquina de destino as recusou ativamente
CRITICAL - 2022-05-28 12:03:56 --> Unable to connect to the database.
Main connection [MySQLi]: Nenhuma conexão pôde ser feita porque a máquina de destino as recusou ativamente
#0 C:\wamp64\www\PW3\codeigniterProjeto3\system\Database\BaseConnection.php(577): CodeIgniter\Database\BaseConnection->initialize()
#1 C:\wamp64\www\PW3\codeigniterProjeto3\system\Database\BaseBuilder.php(1455): CodeIgniter\Database\BaseConnection->query('SELECT *\nFROM `...', Array, false)
#2 C:\wamp64\www\PW3\codeigniterProjeto3\system\Model.php(183): CodeIgniter\Database\BaseBuilder->get()
#3 C:\wamp64\www\PW3\codeigniterProjeto3\system\BaseModel.php(584): CodeIgniter\Model->doFindAll(0, 0)
#4 C:\wamp64\www\PW3\codeigniterProjeto3\app\Models\PessoasModel.php(13): CodeIgniter\BaseModel->findAll()
#5 C:\wamp64\www\PW3\codeigniterProjeto3\app\Controllers\Home.php(27): App\Models\PessoasModel->getPessoas()
#6 C:\wamp64\www\PW3\codeigniterProjeto3\system\CodeIgniter.php(825): App\Controllers\Home->pessoas()
#7 C:\wamp64\www\PW3\codeigniterProjeto3\system\CodeIgniter.php(412): CodeIgniter\CodeIgniter->runController(Object(App\Controllers\Home))
#8 C:\wamp64\www\PW3\codeigniterProjeto3\system\CodeIgniter.php(320): CodeIgniter\CodeIgniter->handleRequest(NULL, Object(Config\Cache), false)
#9 C:\wamp64\www\PW3\codeigniterProjeto3\public\index.php(37): CodeIgniter\CodeIgniter->run()
#10 C:\wamp64\www\PW3\codeigniterProjeto3\system\Commands\Server\rewrite.php(43): require_once('C:\\wamp64\\www\\P...')
#11 {main}
ERROR - 2022-05-28 12:04:00 --> Error connecting to the database: Nenhuma conexão pôde ser feita porque a máquina de destino as recusou ativamente
CRITICAL - 2022-05-28 12:04:00 --> Unable to connect to the database.
Main connection [MySQLi]: Nenhuma conexão pôde ser feita porque a máquina de destino as recusou ativamente
#0 C:\wamp64\www\PW3\codeigniterProjeto3\system\Database\BaseConnection.php(577): CodeIgniter\Database\BaseConnection->initialize()
#1 C:\wamp64\www\PW3\codeigniterProjeto3\system\Database\BaseBuilder.php(1455): CodeIgniter\Database\BaseConnection->query('SELECT *\nFROM `...', Array, false)
#2 C:\wamp64\www\PW3\codeigniterProjeto3\system\Model.php(183): CodeIgniter\Database\BaseBuilder->get()
#3 C:\wamp64\www\PW3\codeigniterProjeto3\system\BaseModel.php(584): CodeIgniter\Model->doFindAll(0, 0)
#4 C:\wamp64\www\PW3\codeigniterProjeto3\app\Models\PessoasModel.php(13): CodeIgniter\BaseModel->findAll()
#5 C:\wamp64\www\PW3\codeigniterProjeto3\app\Controllers\Home.php(27): App\Models\PessoasModel->getPessoas()
#6 C:\wamp64\www\PW3\codeigniterProjeto3\system\CodeIgniter.php(825): App\Controllers\Home->pessoas()
#7 C:\wamp64\www\PW3\codeigniterProjeto3\system\CodeIgniter.php(412): CodeIgniter\CodeIgniter->runController(Object(App\Controllers\Home))
#8 C:\wamp64\www\PW3\codeigniterProjeto3\system\CodeIgniter.php(320): CodeIgniter\CodeIgniter->handleRequest(NULL, Object(Config\Cache), false)
#9 C:\wamp64\www\PW3\codeigniterProjeto3\public\index.php(37): CodeIgniter\CodeIgniter->run()
#10 C:\wamp64\www\PW3\codeigniterProjeto3\system\Commands\Server\rewrite.php(43): require_once('C:\\wamp64\\www\\P...')
#11 {main}
ERROR - 2022-05-28 12:04:04 --> Error connecting to the database: Nenhuma conexão pôde ser feita porque a máquina de destino as recusou ativamente
CRITICAL - 2022-05-28 12:04:04 --> Unable to connect to the database.
Main connection [MySQLi]: Nenhuma conexão pôde ser feita porque a máquina de destino as recusou ativamente
#0 C:\wamp64\www\PW3\codeigniterProjeto3\system\Database\BaseConnection.php(577): CodeIgniter\Database\BaseConnection->initialize()
#1 C:\wamp64\www\PW3\codeigniterProjeto3\system\Database\BaseBuilder.php(1455): CodeIgniter\Database\BaseConnection->query('SELECT *\nFROM `...', Array, false)
#2 C:\wamp64\www\PW3\codeigniterProjeto3\system\Model.php(183): CodeIgniter\Database\BaseBuilder->get()
#3 C:\wamp64\www\PW3\codeigniterProjeto3\system\BaseModel.php(584): CodeIgniter\Model->doFindAll(0, 0)
#4 C:\wamp64\www\PW3\codeigniterProjeto3\app\Models\PessoasModel.php(13): CodeIgniter\BaseModel->findAll()
#5 C:\wamp64\www\PW3\codeigniterProjeto3\app\Controllers\Home.php(27): App\Models\PessoasModel->getPessoas()
#6 C:\wamp64\www\PW3\codeigniterProjeto3\system\CodeIgniter.php(825): App\Controllers\Home->pessoas()
#7 C:\wamp64\www\PW3\codeigniterProjeto3\system\CodeIgniter.php(412): CodeIgniter\CodeIgniter->runController(Object(App\Controllers\Home))
#8 C:\wamp64\www\PW3\codeigniterProjeto3\system\CodeIgniter.php(320): CodeIgniter\CodeIgniter->handleRequest(NULL, Object(Config\Cache), false)
#9 C:\wamp64\www\PW3\codeigniterProjeto3\public\index.php(37): CodeIgniter\CodeIgniter->run()
#10 C:\wamp64\www\PW3\codeigniterProjeto3\system\Commands\Server\rewrite.php(43): require_once('C:\\wamp64\\www\\P...')
#11 {main}
ERROR - 2022-05-28 12:04:13 --> Error connecting to the database: Nenhuma conexão pôde ser feita porque a máquina de destino as recusou ativamente
CRITICAL - 2022-05-28 12:04:13 --> Unable to connect to the database.
Main connection [MySQLi]: Nenhuma conexão pôde ser feita porque a máquina de destino as recusou ativamente
#0 C:\wamp64\www\PW3\codeigniterProjeto3\system\Database\BaseConnection.php(577): CodeIgniter\Database\BaseConnection->initialize()
#1 C:\wamp64\www\PW3\codeigniterProjeto3\system\Database\BaseBuilder.php(1455): CodeIgniter\Database\BaseConnection->query('SELECT *\nFROM `...', Array, false)
#2 C:\wamp64\www\PW3\codeigniterProjeto3\system\Model.php(183): CodeIgniter\Database\BaseBuilder->get()
#3 C:\wamp64\www\PW3\codeigniterProjeto3\system\BaseModel.php(584): CodeIgniter\Model->doFindAll(0, 0)
#4 C:\wamp64\www\PW3\codeigniterProjeto3\app\Models\PessoasModel.php(13): CodeIgniter\BaseModel->findAll()
#5 C:\wamp64\www\PW3\codeigniterProjeto3\app\Controllers\Home.php(27): App\Models\PessoasModel->getPessoas()
#6 C:\wamp64\www\PW3\codeigniterProjeto3\system\CodeIgniter.php(825): App\Controllers\Home->pessoas()
#7 C:\wamp64\www\PW3\codeigniterProjeto3\system\CodeIgniter.php(412): CodeIgniter\CodeIgniter->runController(Object(App\Controllers\Home))
#8 C:\wamp64\www\PW3\codeigniterProjeto3\system\CodeIgniter.php(320): CodeIgniter\CodeIgniter->handleRequest(NULL, Object(Config\Cache), false)
#9 C:\wamp64\www\PW3\codeigniterProjeto3\public\index.php(37): CodeIgniter\CodeIgniter->run()
#10 C:\wamp64\www\PW3\codeigniterProjeto3\system\Commands\Server\rewrite.php(43): require_once('C:\\wamp64\\www\\P...')
#11 {main}
ERROR - 2022-05-28 12:31:57 --> Error connecting to the database: Nenhuma conexão pôde ser feita porque a máquina de destino as recusou ativamente
CRITICAL - 2022-05-28 12:31:57 --> Unable to connect to the database.
Main connection [MySQLi]: Nenhuma conexão pôde ser feita porque a máquina de destino as recusou ativamente
#0 C:\wamp64\www\PW3\codeigniterProjeto3\system\Database\BaseConnection.php(577): CodeIgniter\Database\BaseConnection->initialize()
#1 C:\wamp64\www\PW3\codeigniterProjeto3\system\Database\BaseBuilder.php(1455): CodeIgniter\Database\BaseConnection->query('SELECT *\nFROM `...', Array, false)
#2 C:\wamp64\www\PW3\codeigniterProjeto3\system\Model.php(183): CodeIgniter\Database\BaseBuilder->get()
#3 C:\wamp64\www\PW3\codeigniterProjeto3\system\BaseModel.php(584): CodeIgniter\Model->doFindAll(0, 0)
#4 C:\wamp64\www\PW3\codeigniterProjeto3\app\Models\PessoasModel.php(13): CodeIgniter\BaseModel->findAll()
#5 C:\wamp64\www\PW3\codeigniterProjeto3\app\Controllers\Home.php(27): App\Models\PessoasModel->getPessoas()
#6 C:\wamp64\www\PW3\codeigniterProjeto3\system\CodeIgniter.php(825): App\Controllers\Home->pessoas()
#7 C:\wamp64\www\PW3\codeigniterProjeto3\system\CodeIgniter.php(412): CodeIgniter\CodeIgniter->runController(Object(App\Controllers\Home))
#8 C:\wamp64\www\PW3\codeigniterProjeto3\system\CodeIgniter.php(320): CodeIgniter\CodeIgniter->handleRequest(NULL, Object(Config\Cache), false)
#9 C:\wamp64\www\PW3\codeigniterProjeto3\public\index.php(37): CodeIgniter\CodeIgniter->run()
#10 C:\wamp64\www\PW3\codeigniterProjeto3\system\Commands\Server\rewrite.php(43): require_once('C:\\wamp64\\www\\P...')
#11 {main}
