ERROR - 2022-06-01 11:45:08 --> Error connecting to the database: Nenhuma conexão pôde ser feita porque a máquina de destino as recusou ativamente.

ERROR - 2022-06-01 11:45:38 --> Error connecting to the database: Nenhuma conexão pôde ser feita porque a máquina de destino as recusou ativamente.

CRITICAL - 2022-06-01 11:45:38 --> Unable to connect to the database.
Main connection [MySQLi]: Nenhuma conexão pôde ser feita porque a máquina de destino as recusou ativamente.

#0 C:\wamp64\www\PWIII\codeigniterProjeto3\system\Database\Database.php(67): CodeIgniter\Database\BaseConnection->initialize()
#1 C:\wamp64\www\PWIII\codeigniterProjeto3\system\Database\Config.php(105): CodeIgniter\Database\Database->loadForge(Object(CodeIgniter\Database\MySQLi\Connection))
#2 C:\wamp64\www\PWIII\codeigniterProjeto3\system\Database\Seeder.php(98): CodeIgniter\Database\Config::forge(NULL)
#3 C:\wamp64\www\PWIII\codeigniterProjeto3\system\Commands\Database\Seed.php(69): CodeIgniter\Database\Seeder->__construct(Object(Config\Database))
#4 C:\wamp64\www\PWIII\codeigniterProjeto3\system\CLI\Commands.php(63): CodeIgniter\Commands\Database\Seed->run(Array)
#5 C:\wamp64\www\PWIII\codeigniterProjeto3\system\CLI\CommandRunner.php(70): CodeIgniter\CLI\Commands->run('db:seed', Array)
#6 C:\wamp64\www\PWIII\codeigniterProjeto3\system\CLI\CommandRunner.php(56): CodeIgniter\CLI\CommandRunner->index(Array)
#7 C:\wamp64\www\PWIII\codeigniterProjeto3\system\CodeIgniter.php(823): CodeIgniter\CLI\CommandRunner->_remap('index', 'db:seed', 'Carros')
#8 C:\wamp64\www\PWIII\codeigniterProjeto3\system\CodeIgniter.php(412): CodeIgniter\CodeIgniter->runController(Object(CodeIgniter\CLI\CommandRunner))
#9 C:\wamp64\www\PWIII\codeigniterProjeto3\system\CodeIgniter.php(320): CodeIgniter\CodeIgniter->handleRequest(NULL, Object(Config\Cache), false)
#10 C:\wamp64\www\PWIII\codeigniterProjeto3\system\CLI\Console.php(48): CodeIgniter\CodeIgniter->run()
#11 C:\wamp64\www\PWIII\codeigniterProjeto3\spark(63): CodeIgniter\CLI\Console->run()
#12 {main}
ERROR - 2022-06-01 11:52:27 --> Column 'marca' cannot be null
CRITICAL - 2022-06-01 11:52:27 --> Column 'marca' cannot be null
#0 C:\wamp64\www\PWIII\codeigniterProjeto3\system\Database\MySQLi\Connection.php(292): mysqli->query('INSERT INTO `tb...', 0)
#1 C:\wamp64\www\PWIII\codeigniterProjeto3\system\Database\BaseConnection.php(670): CodeIgniter\Database\MySQLi\Connection->execute('INSERT INTO `tb...')
#2 C:\wamp64\www\PWIII\codeigniterProjeto3\system\Database\BaseConnection.php(598): CodeIgniter\Database\BaseConnection->simpleQuery('INSERT INTO `tb...')
#3 C:\wamp64\www\PWIII\codeigniterProjeto3\system\Database\BaseBuilder.php(1771): CodeIgniter\Database\BaseConnection->query('INSERT INTO `tb...', Array, false)
#4 C:\wamp64\www\PWIII\codeigniterProjeto3\system\Model.php(239): CodeIgniter\Database\BaseBuilder->insert()
#5 C:\wamp64\www\PWIII\codeigniterProjeto3\system\BaseModel.php(738): CodeIgniter\Model->doInsert(Array)
#6 C:\wamp64\www\PWIII\codeigniterProjeto3\system\Model.php(625): CodeIgniter\BaseModel->insert(Array, false)
#7 C:\wamp64\www\PWIII\codeigniterProjeto3\system\BaseModel.php(658): CodeIgniter\Model->insert(Array, false)
#8 C:\wamp64\www\PWIII\codeigniterProjeto3\app\Controllers\Home.php(46): CodeIgniter\BaseModel->save(Array)
#9 C:\wamp64\www\PWIII\codeigniterProjeto3\system\CodeIgniter.php(825): App\Controllers\Home->registrar()
#10 C:\wamp64\www\PWIII\codeigniterProjeto3\system\CodeIgniter.php(412): CodeIgniter\CodeIgniter->runController(Object(App\Controllers\Home))
#11 C:\wamp64\www\PWIII\codeigniterProjeto3\system\CodeIgniter.php(320): CodeIgniter\CodeIgniter->handleRequest(NULL, Object(Config\Cache), false)
#12 C:\wamp64\www\PWIII\codeigniterProjeto3\public\index.php(37): CodeIgniter\CodeIgniter->run()
#13 C:\wamp64\www\PWIII\codeigniterProjeto3\system\Commands\Server\rewrite.php(43): require_once('C:\\wamp64\\www\\P...')
#14 {main}
ERROR - 2022-06-01 11:52:53 --> Column 'marca' cannot be null
CRITICAL - 2022-06-01 11:52:53 --> Column 'marca' cannot be null
#0 C:\wamp64\www\PWIII\codeigniterProjeto3\system\Database\MySQLi\Connection.php(292): mysqli->query('INSERT INTO `tb...', 0)
#1 C:\wamp64\www\PWIII\codeigniterProjeto3\system\Database\BaseConnection.php(670): CodeIgniter\Database\MySQLi\Connection->execute('INSERT INTO `tb...')
#2 C:\wamp64\www\PWIII\codeigniterProjeto3\system\Database\BaseConnection.php(598): CodeIgniter\Database\BaseConnection->simpleQuery('INSERT INTO `tb...')
#3 C:\wamp64\www\PWIII\codeigniterProjeto3\system\Database\BaseBuilder.php(1771): CodeIgniter\Database\BaseConnection->query('INSERT INTO `tb...', Array, false)
#4 C:\wamp64\www\PWIII\codeigniterProjeto3\system\Model.php(239): CodeIgniter\Database\BaseBuilder->insert()
#5 C:\wamp64\www\PWIII\codeigniterProjeto3\system\BaseModel.php(738): CodeIgniter\Model->doInsert(Array)
#6 C:\wamp64\www\PWIII\codeigniterProjeto3\system\Model.php(625): CodeIgniter\BaseModel->insert(Array, false)
#7 C:\wamp64\www\PWIII\codeigniterProjeto3\system\BaseModel.php(658): CodeIgniter\Model->insert(Array, false)
#8 C:\wamp64\www\PWIII\codeigniterProjeto3\app\Controllers\Home.php(46): CodeIgniter\BaseModel->save(Array)
#9 C:\wamp64\www\PWIII\codeigniterProjeto3\system\CodeIgniter.php(825): App\Controllers\Home->registrar()
#10 C:\wamp64\www\PWIII\codeigniterProjeto3\system\CodeIgniter.php(412): CodeIgniter\CodeIgniter->runController(Object(App\Controllers\Home))
#11 C:\wamp64\www\PWIII\codeigniterProjeto3\system\CodeIgniter.php(320): CodeIgniter\CodeIgniter->handleRequest(NULL, Object(Config\Cache), false)
#12 C:\wamp64\www\PWIII\codeigniterProjeto3\public\index.php(37): CodeIgniter\CodeIgniter->run()
#13 C:\wamp64\www\PWIII\codeigniterProjeto3\system\Commands\Server\rewrite.php(43): require_once('C:\\wamp64\\www\\P...')
#14 {main}
CRITICAL - 2022-06-01 12:32:17 --> Undefined variable: carros
#0 C:\wamp64\www\PWIII\codeigniterProjeto3\app\Views\listaCarros.php(63): CodeIgniter\Debug\Exceptions->errorHandler(8, 'Undefined varia...', 'C:\\wamp64\\www\\P...', 63, Array)
#1 C:\wamp64\www\PWIII\codeigniterProjeto3\system\View\View.php(210): include('C:\\wamp64\\www\\P...')
#2 C:\wamp64\www\PWIII\codeigniterProjeto3\system\View\View.php(213): CodeIgniter\View\View->CodeIgniter\View\{closure}()
#3 C:\wamp64\www\PWIII\codeigniterProjeto3\system\Common.php(1089): CodeIgniter\View\View->render('listacarros', Array, true)
#4 C:\wamp64\www\PWIII\codeigniterProjeto3\app\Controllers\Home.php(18): view('listacarros')
#5 C:\wamp64\www\PWIII\codeigniterProjeto3\system\CodeIgniter.php(825): App\Controllers\Home->page('listacarros')
#6 C:\wamp64\www\PWIII\codeigniterProjeto3\system\CodeIgniter.php(412): CodeIgniter\CodeIgniter->runController(Object(App\Controllers\Home))
#7 C:\wamp64\www\PWIII\codeigniterProjeto3\system\CodeIgniter.php(320): CodeIgniter\CodeIgniter->handleRequest(NULL, Object(Config\Cache), false)
#8 C:\wamp64\www\PWIII\codeigniterProjeto3\public\index.php(37): CodeIgniter\CodeIgniter->run()
#9 C:\wamp64\www\PWIII\codeigniterProjeto3\system\Commands\Server\rewrite.php(43): require_once('C:\\wamp64\\www\\P...')
#10 {main}
CRITICAL - 2022-06-01 12:32:26 --> Invalid file: login.php
#0 C:\wamp64\www\PWIII\codeigniterProjeto3\system\View\View.php(198): CodeIgniter\Exceptions\FrameworkException::forInvalidFile('login.php')
#1 C:\wamp64\www\PWIII\codeigniterProjeto3\system\Common.php(1089): CodeIgniter\View\View->render('login', Array, true)
#2 C:\wamp64\www\PWIII\codeigniterProjeto3\app\Controllers\Home.php(18): view('login')
#3 C:\wamp64\www\PWIII\codeigniterProjeto3\system\CodeIgniter.php(825): App\Controllers\Home->page('login')
#4 C:\wamp64\www\PWIII\codeigniterProjeto3\system\CodeIgniter.php(412): CodeIgniter\CodeIgniter->runController(Object(App\Controllers\Home))
#5 C:\wamp64\www\PWIII\codeigniterProjeto3\system\CodeIgniter.php(320): CodeIgniter\CodeIgniter->handleRequest(NULL, Object(Config\Cache), false)
#6 C:\wamp64\www\PWIII\codeigniterProjeto3\public\index.php(37): CodeIgniter\CodeIgniter->run()
#7 C:\wamp64\www\PWIII\codeigniterProjeto3\system\Commands\Server\rewrite.php(43): require_once('C:\\wamp64\\www\\P...')
#8 {main}
CRITICAL - 2022-06-01 12:58:59 --> Invalid file: style.css
#0 C:\wamp64\www\PWIII\codeigniterProjeto3\system\View\View.php(198): CodeIgniter\Exceptions\FrameworkException::forInvalidFile('style.css')
#1 C:\wamp64\www\PWIII\codeigniterProjeto3\system\Common.php(1089): CodeIgniter\View\View->render('style.css', Array, true)
#2 C:\wamp64\www\PWIII\codeigniterProjeto3\app\Controllers\Home.php(30): view('style.css')
#3 C:\wamp64\www\PWIII\codeigniterProjeto3\system\CodeIgniter.php(825): App\Controllers\Home->page('style.css')
#4 C:\wamp64\www\PWIII\codeigniterProjeto3\system\CodeIgniter.php(412): CodeIgniter\CodeIgniter->runController(Object(App\Controllers\Home))
#5 C:\wamp64\www\PWIII\codeigniterProjeto3\system\CodeIgniter.php(320): CodeIgniter\CodeIgniter->handleRequest(NULL, Object(Config\Cache), false)
#6 C:\wamp64\www\PWIII\codeigniterProjeto3\public\index.php(37): CodeIgniter\CodeIgniter->run()
#7 C:\wamp64\www\PWIII\codeigniterProjeto3\system\Commands\Server\rewrite.php(43): require_once('C:\\wamp64\\www\\P...')
#8 {main}
CRITICAL - 2022-06-01 12:58:59 --> Invalid file: barraLateral.js
#0 C:\wamp64\www\PWIII\codeigniterProjeto3\system\View\View.php(198): CodeIgniter\Exceptions\FrameworkException::forInvalidFile('barraLateral.js')
#1 C:\wamp64\www\PWIII\codeigniterProjeto3\system\Common.php(1089): CodeIgniter\View\View->render('barraLateral.js', Array, true)
#2 C:\wamp64\www\PWIII\codeigniterProjeto3\app\Controllers\Home.php(30): view('barraLateral.js')
#3 C:\wamp64\www\PWIII\codeigniterProjeto3\system\CodeIgniter.php(825): App\Controllers\Home->page('barraLateral.js')
#4 C:\wamp64\www\PWIII\codeigniterProjeto3\system\CodeIgniter.php(412): CodeIgniter\CodeIgniter->runController(Object(App\Controllers\Home))
#5 C:\wamp64\www\PWIII\codeigniterProjeto3\system\CodeIgniter.php(320): CodeIgniter\CodeIgniter->handleRequest(NULL, Object(Config\Cache), false)
#6 C:\wamp64\www\PWIII\codeigniterProjeto3\public\index.php(37): CodeIgniter\CodeIgniter->run()
#7 C:\wamp64\www\PWIII\codeigniterProjeto3\system\Commands\Server\rewrite.php(43): require_once('C:\\wamp64\\www\\P...')
#8 {main}
CRITICAL - 2022-06-01 12:59:02 --> Invalid file: style.css
#0 C:\wamp64\www\PWIII\codeigniterProjeto3\system\View\View.php(198): CodeIgniter\Exceptions\FrameworkException::forInvalidFile('style.css')
#1 C:\wamp64\www\PWIII\codeigniterProjeto3\system\Common.php(1089): CodeIgniter\View\View->render('style.css', Array, true)
#2 C:\wamp64\www\PWIII\codeigniterProjeto3\app\Controllers\Home.php(30): view('style.css')
#3 C:\wamp64\www\PWIII\codeigniterProjeto3\system\CodeIgniter.php(825): App\Controllers\Home->page('style.css')
#4 C:\wamp64\www\PWIII\codeigniterProjeto3\system\CodeIgniter.php(412): CodeIgniter\CodeIgniter->runController(Object(App\Controllers\Home))
#5 C:\wamp64\www\PWIII\codeigniterProjeto3\system\CodeIgniter.php(320): CodeIgniter\CodeIgniter->handleRequest(NULL, Object(Config\Cache), false)
#6 C:\wamp64\www\PWIII\codeigniterProjeto3\public\index.php(37): CodeIgniter\CodeIgniter->run()
#7 C:\wamp64\www\PWIII\codeigniterProjeto3\system\Commands\Server\rewrite.php(43): require_once('C:\\wamp64\\www\\P...')
#8 {main}
CRITICAL - 2022-06-01 12:59:02 --> Invalid file: barraLateral.js
#0 C:\wamp64\www\PWIII\codeigniterProjeto3\system\View\View.php(198): CodeIgniter\Exceptions\FrameworkException::forInvalidFile('barraLateral.js')
#1 C:\wamp64\www\PWIII\codeigniterProjeto3\system\Common.php(1089): CodeIgniter\View\View->render('barraLateral.js', Array, true)
#2 C:\wamp64\www\PWIII\codeigniterProjeto3\app\Controllers\Home.php(30): view('barraLateral.js')
#3 C:\wamp64\www\PWIII\codeigniterProjeto3\system\CodeIgniter.php(825): App\Controllers\Home->page('barraLateral.js')
#4 C:\wamp64\www\PWIII\codeigniterProjeto3\system\CodeIgniter.php(412): CodeIgniter\CodeIgniter->runController(Object(App\Controllers\Home))
#5 C:\wamp64\www\PWIII\codeigniterProjeto3\system\CodeIgniter.php(320): CodeIgniter\CodeIgniter->handleRequest(NULL, Object(Config\Cache), false)
#6 C:\wamp64\www\PWIII\codeigniterProjeto3\public\index.php(37): CodeIgniter\CodeIgniter->run()
#7 C:\wamp64\www\PWIII\codeigniterProjeto3\system\Commands\Server\rewrite.php(43): require_once('C:\\wamp64\\www\\P...')
#8 {main}
CRITICAL - 2022-06-01 12:59:03 --> Invalid file: style.css
#0 C:\wamp64\www\PWIII\codeigniterProjeto3\system\View\View.php(198): CodeIgniter\Exceptions\FrameworkException::forInvalidFile('style.css')
#1 C:\wamp64\www\PWIII\codeigniterProjeto3\system\Common.php(1089): CodeIgniter\View\View->render('style.css', Array, true)
#2 C:\wamp64\www\PWIII\codeigniterProjeto3\app\Controllers\Home.php(30): view('style.css')
#3 C:\wamp64\www\PWIII\codeigniterProjeto3\system\CodeIgniter.php(825): App\Controllers\Home->page('style.css')
#4 C:\wamp64\www\PWIII\codeigniterProjeto3\system\CodeIgniter.php(412): CodeIgniter\CodeIgniter->runController(Object(App\Controllers\Home))
#5 C:\wamp64\www\PWIII\codeigniterProjeto3\system\CodeIgniter.php(320): CodeIgniter\CodeIgniter->handleRequest(NULL, Object(Config\Cache), false)
#6 C:\wamp64\www\PWIII\codeigniterProjeto3\public\index.php(37): CodeIgniter\CodeIgniter->run()
#7 C:\wamp64\www\PWIII\codeigniterProjeto3\system\Commands\Server\rewrite.php(43): require_once('C:\\wamp64\\www\\P...')
#8 {main}
CRITICAL - 2022-06-01 12:59:03 --> Invalid file: barraLateral.js
#0 C:\wamp64\www\PWIII\codeigniterProjeto3\system\View\View.php(198): CodeIgniter\Exceptions\FrameworkException::forInvalidFile('barraLateral.js')
#1 C:\wamp64\www\PWIII\codeigniterProjeto3\system\Common.php(1089): CodeIgniter\View\View->render('barraLateral.js', Array, true)
#2 C:\wamp64\www\PWIII\codeigniterProjeto3\app\Controllers\Home.php(30): view('barraLateral.js')
#3 C:\wamp64\www\PWIII\codeigniterProjeto3\system\CodeIgniter.php(825): App\Controllers\Home->page('barraLateral.js')
#4 C:\wamp64\www\PWIII\codeigniterProjeto3\system\CodeIgniter.php(412): CodeIgniter\CodeIgniter->runController(Object(App\Controllers\Home))
#5 C:\wamp64\www\PWIII\codeigniterProjeto3\system\CodeIgniter.php(320): CodeIgniter\CodeIgniter->handleRequest(NULL, Object(Config\Cache), false)
#6 C:\wamp64\www\PWIII\codeigniterProjeto3\public\index.php(37): CodeIgniter\CodeIgniter->run()
#7 C:\wamp64\www\PWIII\codeigniterProjeto3\system\Commands\Server\rewrite.php(43): require_once('C:\\wamp64\\www\\P...')
#8 {main}
CRITICAL - 2022-06-01 12:59:04 --> Invalid file: style.css
#0 C:\wamp64\www\PWIII\codeigniterProjeto3\system\View\View.php(198): CodeIgniter\Exceptions\FrameworkException::forInvalidFile('style.css')
#1 C:\wamp64\www\PWIII\codeigniterProjeto3\system\Common.php(1089): CodeIgniter\View\View->render('style.css', Array, true)
#2 C:\wamp64\www\PWIII\codeigniterProjeto3\app\Controllers\Home.php(30): view('style.css')
#3 C:\wamp64\www\PWIII\codeigniterProjeto3\system\CodeIgniter.php(825): App\Controllers\Home->page('style.css')
#4 C:\wamp64\www\PWIII\codeigniterProjeto3\system\CodeIgniter.php(412): CodeIgniter\CodeIgniter->runController(Object(App\Controllers\Home))
#5 C:\wamp64\www\PWIII\codeigniterProjeto3\system\CodeIgniter.php(320): CodeIgniter\CodeIgniter->handleRequest(NULL, Object(Config\Cache), false)
#6 C:\wamp64\www\PWIII\codeigniterProjeto3\public\index.php(37): CodeIgniter\CodeIgniter->run()
#7 C:\wamp64\www\PWIII\codeigniterProjeto3\system\Commands\Server\rewrite.php(43): require_once('C:\\wamp64\\www\\P...')
#8 {main}
CRITICAL - 2022-06-01 12:59:04 --> Invalid file: barraLateral.js
#0 C:\wamp64\www\PWIII\codeigniterProjeto3\system\View\View.php(198): CodeIgniter\Exceptions\FrameworkException::forInvalidFile('barraLateral.js')
#1 C:\wamp64\www\PWIII\codeigniterProjeto3\system\Common.php(1089): CodeIgniter\View\View->render('barraLateral.js', Array, true)
#2 C:\wamp64\www\PWIII\codeigniterProjeto3\app\Controllers\Home.php(30): view('barraLateral.js')
#3 C:\wamp64\www\PWIII\codeigniterProjeto3\system\CodeIgniter.php(825): App\Controllers\Home->page('barraLateral.js')
#4 C:\wamp64\www\PWIII\codeigniterProjeto3\system\CodeIgniter.php(412): CodeIgniter\CodeIgniter->runController(Object(App\Controllers\Home))
#5 C:\wamp64\www\PWIII\codeigniterProjeto3\system\CodeIgniter.php(320): CodeIgniter\CodeIgniter->handleRequest(NULL, Object(Config\Cache), false)
#6 C:\wamp64\www\PWIII\codeigniterProjeto3\public\index.php(37): CodeIgniter\CodeIgniter->run()
#7 C:\wamp64\www\PWIII\codeigniterProjeto3\system\Commands\Server\rewrite.php(43): require_once('C:\\wamp64\\www\\P...')
#8 {main}
CRITICAL - 2022-06-01 12:59:04 --> Invalid file: style.css
#0 C:\wamp64\www\PWIII\codeigniterProjeto3\system\View\View.php(198): CodeIgniter\Exceptions\FrameworkException::forInvalidFile('style.css')
#1 C:\wamp64\www\PWIII\codeigniterProjeto3\system\Common.php(1089): CodeIgniter\View\View->render('style.css', Array, true)
#2 C:\wamp64\www\PWIII\codeigniterProjeto3\app\Controllers\Home.php(30): view('style.css')
#3 C:\wamp64\www\PWIII\codeigniterProjeto3\system\CodeIgniter.php(825): App\Controllers\Home->page('style.css')
#4 C:\wamp64\www\PWIII\codeigniterProjeto3\system\CodeIgniter.php(412): CodeIgniter\CodeIgniter->runController(Object(App\Controllers\Home))
#5 C:\wamp64\www\PWIII\codeigniterProjeto3\system\CodeIgniter.php(320): CodeIgniter\CodeIgniter->handleRequest(NULL, Object(Config\Cache), false)
#6 C:\wamp64\www\PWIII\codeigniterProjeto3\public\index.php(37): CodeIgniter\CodeIgniter->run()
#7 C:\wamp64\www\PWIII\codeigniterProjeto3\system\Commands\Server\rewrite.php(43): require_once('C:\\wamp64\\www\\P...')
#8 {main}
CRITICAL - 2022-06-01 12:59:04 --> Invalid file: barraLateral.js
#0 C:\wamp64\www\PWIII\codeigniterProjeto3\system\View\View.php(198): CodeIgniter\Exceptions\FrameworkException::forInvalidFile('barraLateral.js')
#1 C:\wamp64\www\PWIII\codeigniterProjeto3\system\Common.php(1089): CodeIgniter\View\View->render('barraLateral.js', Array, true)
#2 C:\wamp64\www\PWIII\codeigniterProjeto3\app\Controllers\Home.php(30): view('barraLateral.js')
#3 C:\wamp64\www\PWIII\codeigniterProjeto3\system\CodeIgniter.php(825): App\Controllers\Home->page('barraLateral.js')
#4 C:\wamp64\www\PWIII\codeigniterProjeto3\system\CodeIgniter.php(412): CodeIgniter\CodeIgniter->runController(Object(App\Controllers\Home))
#5 C:\wamp64\www\PWIII\codeigniterProjeto3\system\CodeIgniter.php(320): CodeIgniter\CodeIgniter->handleRequest(NULL, Object(Config\Cache), false)
#6 C:\wamp64\www\PWIII\codeigniterProjeto3\public\index.php(37): CodeIgniter\CodeIgniter->run()
#7 C:\wamp64\www\PWIII\codeigniterProjeto3\system\Commands\Server\rewrite.php(43): require_once('C:\\wamp64\\www\\P...')
#8 {main}
CRITICAL - 2022-06-01 12:59:05 --> Invalid file: style.css
#0 C:\wamp64\www\PWIII\codeigniterProjeto3\system\View\View.php(198): CodeIgniter\Exceptions\FrameworkException::forInvalidFile('style.css')
#1 C:\wamp64\www\PWIII\codeigniterProjeto3\system\Common.php(1089): CodeIgniter\View\View->render('style.css', Array, true)
#2 C:\wamp64\www\PWIII\codeigniterProjeto3\app\Controllers\Home.php(30): view('style.css')
#3 C:\wamp64\www\PWIII\codeigniterProjeto3\system\CodeIgniter.php(825): App\Controllers\Home->page('style.css')
#4 C:\wamp64\www\PWIII\codeigniterProjeto3\system\CodeIgniter.php(412): CodeIgniter\CodeIgniter->runController(Object(App\Controllers\Home))
#5 C:\wamp64\www\PWIII\codeigniterProjeto3\system\CodeIgniter.php(320): CodeIgniter\CodeIgniter->handleRequest(NULL, Object(Config\Cache), false)
#6 C:\wamp64\www\PWIII\codeigniterProjeto3\public\index.php(37): CodeIgniter\CodeIgniter->run()
#7 C:\wamp64\www\PWIII\codeigniterProjeto3\system\Commands\Server\rewrite.php(43): require_once('C:\\wamp64\\www\\P...')
#8 {main}
CRITICAL - 2022-06-01 12:59:05 --> Invalid file: barraLateral.js
#0 C:\wamp64\www\PWIII\codeigniterProjeto3\system\View\View.php(198): CodeIgniter\Exceptions\FrameworkException::forInvalidFile('barraLateral.js')
#1 C:\wamp64\www\PWIII\codeigniterProjeto3\system\Common.php(1089): CodeIgniter\View\View->render('barraLateral.js', Array, true)
#2 C:\wamp64\www\PWIII\codeigniterProjeto3\app\Controllers\Home.php(30): view('barraLateral.js')
#3 C:\wamp64\www\PWIII\codeigniterProjeto3\system\CodeIgniter.php(825): App\Controllers\Home->page('barraLateral.js')
#4 C:\wamp64\www\PWIII\codeigniterProjeto3\system\CodeIgniter.php(412): CodeIgniter\CodeIgniter->runController(Object(App\Controllers\Home))
#5 C:\wamp64\www\PWIII\codeigniterProjeto3\system\CodeIgniter.php(320): CodeIgniter\CodeIgniter->handleRequest(NULL, Object(Config\Cache), false)
#6 C:\wamp64\www\PWIII\codeigniterProjeto3\public\index.php(37): CodeIgniter\CodeIgniter->run()
#7 C:\wamp64\www\PWIII\codeigniterProjeto3\system\Commands\Server\rewrite.php(43): require_once('C:\\wamp64\\www\\P...')
#8 {main}
CRITICAL - 2022-06-01 12:59:05 --> Invalid file: style.css
#0 C:\wamp64\www\PWIII\codeigniterProjeto3\system\View\View.php(198): CodeIgniter\Exceptions\FrameworkException::forInvalidFile('style.css')
#1 C:\wamp64\www\PWIII\codeigniterProjeto3\system\Common.php(1089): CodeIgniter\View\View->render('style.css', Array, true)
#2 C:\wamp64\www\PWIII\codeigniterProjeto3\app\Controllers\Home.php(30): view('style.css')
#3 C:\wamp64\www\PWIII\codeigniterProjeto3\system\CodeIgniter.php(825): App\Controllers\Home->page('style.css')
#4 C:\wamp64\www\PWIII\codeigniterProjeto3\system\CodeIgniter.php(412): CodeIgniter\CodeIgniter->runController(Object(App\Controllers\Home))
#5 C:\wamp64\www\PWIII\codeigniterProjeto3\system\CodeIgniter.php(320): CodeIgniter\CodeIgniter->handleRequest(NULL, Object(Config\Cache), false)
#6 C:\wamp64\www\PWIII\codeigniterProjeto3\public\index.php(37): CodeIgniter\CodeIgniter->run()
#7 C:\wamp64\www\PWIII\codeigniterProjeto3\system\Commands\Server\rewrite.php(43): require_once('C:\\wamp64\\www\\P...')
#8 {main}
CRITICAL - 2022-06-01 12:59:05 --> Invalid file: barraLateral.js
#0 C:\wamp64\www\PWIII\codeigniterProjeto3\system\View\View.php(198): CodeIgniter\Exceptions\FrameworkException::forInvalidFile('barraLateral.js')
#1 C:\wamp64\www\PWIII\codeigniterProjeto3\system\Common.php(1089): CodeIgniter\View\View->render('barraLateral.js', Array, true)
#2 C:\wamp64\www\PWIII\codeigniterProjeto3\app\Controllers\Home.php(30): view('barraLateral.js')
#3 C:\wamp64\www\PWIII\codeigniterProjeto3\system\CodeIgniter.php(825): App\Controllers\Home->page('barraLateral.js')
#4 C:\wamp64\www\PWIII\codeigniterProjeto3\system\CodeIgniter.php(412): CodeIgniter\CodeIgniter->runController(Object(App\Controllers\Home))
#5 C:\wamp64\www\PWIII\codeigniterProjeto3\system\CodeIgniter.php(320): CodeIgniter\CodeIgniter->handleRequest(NULL, Object(Config\Cache), false)
#6 C:\wamp64\www\PWIII\codeigniterProjeto3\public\index.php(37): CodeIgniter\CodeIgniter->run()
#7 C:\wamp64\www\PWIII\codeigniterProjeto3\system\Commands\Server\rewrite.php(43): require_once('C:\\wamp64\\www\\P...')
#8 {main}
CRITICAL - 2022-06-01 12:59:08 --> Invalid file: style.css
#0 C:\wamp64\www\PWIII\codeigniterProjeto3\system\View\View.php(198): CodeIgniter\Exceptions\FrameworkException::forInvalidFile('style.css')
#1 C:\wamp64\www\PWIII\codeigniterProjeto3\system\Common.php(1089): CodeIgniter\View\View->render('style.css', Array, true)
#2 C:\wamp64\www\PWIII\codeigniterProjeto3\app\Controllers\Home.php(30): view('style.css')
#3 C:\wamp64\www\PWIII\codeigniterProjeto3\system\CodeIgniter.php(825): App\Controllers\Home->page('style.css')
#4 C:\wamp64\www\PWIII\codeigniterProjeto3\system\CodeIgniter.php(412): CodeIgniter\CodeIgniter->runController(Object(App\Controllers\Home))
#5 C:\wamp64\www\PWIII\codeigniterProjeto3\system\CodeIgniter.php(320): CodeIgniter\CodeIgniter->handleRequest(NULL, Object(Config\Cache), false)
#6 C:\wamp64\www\PWIII\codeigniterProjeto3\public\index.php(37): CodeIgniter\CodeIgniter->run()
#7 C:\wamp64\www\PWIII\codeigniterProjeto3\system\Commands\Server\rewrite.php(43): require_once('C:\\wamp64\\www\\P...')
#8 {main}
CRITICAL - 2022-06-01 12:59:08 --> Invalid file: barraLateral.js
#0 C:\wamp64\www\PWIII\codeigniterProjeto3\system\View\View.php(198): CodeIgniter\Exceptions\FrameworkException::forInvalidFile('barraLateral.js')
#1 C:\wamp64\www\PWIII\codeigniterProjeto3\system\Common.php(1089): CodeIgniter\View\View->render('barraLateral.js', Array, true)
#2 C:\wamp64\www\PWIII\codeigniterProjeto3\app\Controllers\Home.php(30): view('barraLateral.js')
#3 C:\wamp64\www\PWIII\codeigniterProjeto3\system\CodeIgniter.php(825): App\Controllers\Home->page('barraLateral.js')
#4 C:\wamp64\www\PWIII\codeigniterProjeto3\system\CodeIgniter.php(412): CodeIgniter\CodeIgniter->runController(Object(App\Controllers\Home))
#5 C:\wamp64\www\PWIII\codeigniterProjeto3\system\CodeIgniter.php(320): CodeIgniter\CodeIgniter->handleRequest(NULL, Object(Config\Cache), false)
#6 C:\wamp64\www\PWIII\codeigniterProjeto3\public\index.php(37): CodeIgniter\CodeIgniter->run()
#7 C:\wamp64\www\PWIII\codeigniterProjeto3\system\Commands\Server\rewrite.php(43): require_once('C:\\wamp64\\www\\P...')
#8 {main}
CRITICAL - 2022-06-01 12:59:18 --> Undefined variable: carros
#0 C:\wamp64\www\PWIII\codeigniterProjeto3\app\Views\listaCarros.php(63): CodeIgniter\Debug\Exceptions->errorHandler(8, 'Undefined varia...', 'C:\\wamp64\\www\\P...', 63, Array)
#1 C:\wamp64\www\PWIII\codeigniterProjeto3\system\View\View.php(210): include('C:\\wamp64\\www\\P...')
#2 C:\wamp64\www\PWIII\codeigniterProjeto3\system\View\View.php(213): CodeIgniter\View\View->CodeIgniter\View\{closure}()
#3 C:\wamp64\www\PWIII\codeigniterProjeto3\system\Common.php(1089): CodeIgniter\View\View->render('listacarros', Array, true)
#4 C:\wamp64\www\PWIII\codeigniterProjeto3\app\Controllers\Home.php(30): view('listacarros')
#5 C:\wamp64\www\PWIII\codeigniterProjeto3\system\CodeIgniter.php(825): App\Controllers\Home->page('listacarros')
#6 C:\wamp64\www\PWIII\codeigniterProjeto3\system\CodeIgniter.php(412): CodeIgniter\CodeIgniter->runController(Object(App\Controllers\Home))
#7 C:\wamp64\www\PWIII\codeigniterProjeto3\system\CodeIgniter.php(320): CodeIgniter\CodeIgniter->handleRequest(NULL, Object(Config\Cache), false)
#8 C:\wamp64\www\PWIII\codeigniterProjeto3\public\index.php(37): CodeIgniter\CodeIgniter->run()
#9 C:\wamp64\www\PWIII\codeigniterProjeto3\system\Commands\Server\rewrite.php(43): require_once('C:\\wamp64\\www\\P...')
#10 {main}
CRITICAL - 2022-06-01 12:59:21 --> Invalid file: style.css
#0 C:\wamp64\www\PWIII\codeigniterProjeto3\system\View\View.php(198): CodeIgniter\Exceptions\FrameworkException::forInvalidFile('style.css')
#1 C:\wamp64\www\PWIII\codeigniterProjeto3\system\Common.php(1089): CodeIgniter\View\View->render('style.css', Array, true)
#2 C:\wamp64\www\PWIII\codeigniterProjeto3\app\Controllers\Home.php(30): view('style.css')
#3 C:\wamp64\www\PWIII\codeigniterProjeto3\system\CodeIgniter.php(825): App\Controllers\Home->page('style.css')
#4 C:\wamp64\www\PWIII\codeigniterProjeto3\system\CodeIgniter.php(412): CodeIgniter\CodeIgniter->runController(Object(App\Controllers\Home))
#5 C:\wamp64\www\PWIII\codeigniterProjeto3\system\CodeIgniter.php(320): CodeIgniter\CodeIgniter->handleRequest(NULL, Object(Config\Cache), false)
#6 C:\wamp64\www\PWIII\codeigniterProjeto3\public\index.php(37): CodeIgniter\CodeIgniter->run()
#7 C:\wamp64\www\PWIII\codeigniterProjeto3\system\Commands\Server\rewrite.php(43): require_once('C:\\wamp64\\www\\P...')
#8 {main}
CRITICAL - 2022-06-01 12:59:21 --> Invalid file: barraLateral.js
#0 C:\wamp64\www\PWIII\codeigniterProjeto3\system\View\View.php(198): CodeIgniter\Exceptions\FrameworkException::forInvalidFile('barraLateral.js')
#1 C:\wamp64\www\PWIII\codeigniterProjeto3\system\Common.php(1089): CodeIgniter\View\View->render('barraLateral.js', Array, true)
#2 C:\wamp64\www\PWIII\codeigniterProjeto3\app\Controllers\Home.php(30): view('barraLateral.js')
#3 C:\wamp64\www\PWIII\codeigniterProjeto3\system\CodeIgniter.php(825): App\Controllers\Home->page('barraLateral.js')
#4 C:\wamp64\www\PWIII\codeigniterProjeto3\system\CodeIgniter.php(412): CodeIgniter\CodeIgniter->runController(Object(App\Controllers\Home))
#5 C:\wamp64\www\PWIII\codeigniterProjeto3\system\CodeIgniter.php(320): CodeIgniter\CodeIgniter->handleRequest(NULL, Object(Config\Cache), false)
#6 C:\wamp64\www\PWIII\codeigniterProjeto3\public\index.php(37): CodeIgniter\CodeIgniter->run()
#7 C:\wamp64\www\PWIII\codeigniterProjeto3\system\Commands\Server\rewrite.php(43): require_once('C:\\wamp64\\www\\P...')
#8 {main}
CRITICAL - 2022-06-01 12:59:32 --> Invalid file: style.css
#0 C:\wamp64\www\PWIII\codeigniterProjeto3\system\View\View.php(198): CodeIgniter\Exceptions\FrameworkException::forInvalidFile('style.css')
#1 C:\wamp64\www\PWIII\codeigniterProjeto3\system\Common.php(1089): CodeIgniter\View\View->render('style.css', Array, true)
#2 C:\wamp64\www\PWIII\codeigniterProjeto3\app\Controllers\Home.php(30): view('style.css')
#3 C:\wamp64\www\PWIII\codeigniterProjeto3\system\CodeIgniter.php(825): App\Controllers\Home->page('style.css')
#4 C:\wamp64\www\PWIII\codeigniterProjeto3\system\CodeIgniter.php(412): CodeIgniter\CodeIgniter->runController(Object(App\Controllers\Home))
#5 C:\wamp64\www\PWIII\codeigniterProjeto3\system\CodeIgniter.php(320): CodeIgniter\CodeIgniter->handleRequest(NULL, Object(Config\Cache), false)
#6 C:\wamp64\www\PWIII\codeigniterProjeto3\public\index.php(37): CodeIgniter\CodeIgniter->run()
#7 C:\wamp64\www\PWIII\codeigniterProjeto3\system\Commands\Server\rewrite.php(43): require_once('C:\\wamp64\\www\\P...')
#8 {main}
CRITICAL - 2022-06-01 13:00:00 --> Invalid file: style.css
#0 C:\wamp64\www\PWIII\codeigniterProjeto3\system\View\View.php(198): CodeIgniter\Exceptions\FrameworkException::forInvalidFile('style.css')
#1 C:\wamp64\www\PWIII\codeigniterProjeto3\system\Common.php(1089): CodeIgniter\View\View->render('style.css', Array, true)
#2 C:\wamp64\www\PWIII\codeigniterProjeto3\app\Controllers\Home.php(30): view('style.css')
#3 C:\wamp64\www\PWIII\codeigniterProjeto3\system\CodeIgniter.php(825): App\Controllers\Home->page('style.css')
#4 C:\wamp64\www\PWIII\codeigniterProjeto3\system\CodeIgniter.php(412): CodeIgniter\CodeIgniter->runController(Object(App\Controllers\Home))
#5 C:\wamp64\www\PWIII\codeigniterProjeto3\system\CodeIgniter.php(320): CodeIgniter\CodeIgniter->handleRequest(NULL, Object(Config\Cache), false)
#6 C:\wamp64\www\PWIII\codeigniterProjeto3\public\index.php(37): CodeIgniter\CodeIgniter->run()
#7 C:\wamp64\www\PWIII\codeigniterProjeto3\system\Commands\Server\rewrite.php(43): require_once('C:\\wamp64\\www\\P...')
#8 {main}
CRITICAL - 2022-06-01 13:00:00 --> Invalid file: barraLateral.js
#0 C:\wamp64\www\PWIII\codeigniterProjeto3\system\View\View.php(198): CodeIgniter\Exceptions\FrameworkException::forInvalidFile('barraLateral.js')
#1 C:\wamp64\www\PWIII\codeigniterProjeto3\system\Common.php(1089): CodeIgniter\View\View->render('barraLateral.js', Array, true)
#2 C:\wamp64\www\PWIII\codeigniterProjeto3\app\Controllers\Home.php(30): view('barraLateral.js')
#3 C:\wamp64\www\PWIII\codeigniterProjeto3\system\CodeIgniter.php(825): App\Controllers\Home->page('barraLateral.js')
#4 C:\wamp64\www\PWIII\codeigniterProjeto3\system\CodeIgniter.php(412): CodeIgniter\CodeIgniter->runController(Object(App\Controllers\Home))
#5 C:\wamp64\www\PWIII\codeigniterProjeto3\system\CodeIgniter.php(320): CodeIgniter\CodeIgniter->handleRequest(NULL, Object(Config\Cache), false)
#6 C:\wamp64\www\PWIII\codeigniterProjeto3\public\index.php(37): CodeIgniter\CodeIgniter->run()
#7 C:\wamp64\www\PWIII\codeigniterProjeto3\system\Commands\Server\rewrite.php(43): require_once('C:\\wamp64\\www\\P...')
#8 {main}
CRITICAL - 2022-06-01 13:00:01 --> Invalid file: style.css
#0 C:\wamp64\www\PWIII\codeigniterProjeto3\system\View\View.php(198): CodeIgniter\Exceptions\FrameworkException::forInvalidFile('style.css')
#1 C:\wamp64\www\PWIII\codeigniterProjeto3\system\Common.php(1089): CodeIgniter\View\View->render('style.css', Array, true)
#2 C:\wamp64\www\PWIII\codeigniterProjeto3\app\Controllers\Home.php(30): view('style.css')
#3 C:\wamp64\www\PWIII\codeigniterProjeto3\system\CodeIgniter.php(825): App\Controllers\Home->page('style.css')
#4 C:\wamp64\www\PWIII\codeigniterProjeto3\system\CodeIgniter.php(412): CodeIgniter\CodeIgniter->runController(Object(App\Controllers\Home))
#5 C:\wamp64\www\PWIII\codeigniterProjeto3\system\CodeIgniter.php(320): CodeIgniter\CodeIgniter->handleRequest(NULL, Object(Config\Cache), false)
#6 C:\wamp64\www\PWIII\codeigniterProjeto3\public\index.php(37): CodeIgniter\CodeIgniter->run()
#7 C:\wamp64\www\PWIII\codeigniterProjeto3\system\Commands\Server\rewrite.php(43): require_once('C:\\wamp64\\www\\P...')
#8 {main}
CRITICAL - 2022-06-01 13:00:01 --> Invalid file: barraLateral.js
#0 C:\wamp64\www\PWIII\codeigniterProjeto3\system\View\View.php(198): CodeIgniter\Exceptions\FrameworkException::forInvalidFile('barraLateral.js')
#1 C:\wamp64\www\PWIII\codeigniterProjeto3\system\Common.php(1089): CodeIgniter\View\View->render('barraLateral.js', Array, true)
#2 C:\wamp64\www\PWIII\codeigniterProjeto3\app\Controllers\Home.php(30): view('barraLateral.js')
#3 C:\wamp64\www\PWIII\codeigniterProjeto3\system\CodeIgniter.php(825): App\Controllers\Home->page('barraLateral.js')
#4 C:\wamp64\www\PWIII\codeigniterProjeto3\system\CodeIgniter.php(412): CodeIgniter\CodeIgniter->runController(Object(App\Controllers\Home))
#5 C:\wamp64\www\PWIII\codeigniterProjeto3\system\CodeIgniter.php(320): CodeIgniter\CodeIgniter->handleRequest(NULL, Object(Config\Cache), false)
#6 C:\wamp64\www\PWIII\codeigniterProjeto3\public\index.php(37): CodeIgniter\CodeIgniter->run()
#7 C:\wamp64\www\PWIII\codeigniterProjeto3\system\Commands\Server\rewrite.php(43): require_once('C:\\wamp64\\www\\P...')
#8 {main}
CRITICAL - 2022-06-01 13:00:02 --> Invalid file: style.css
#0 C:\wamp64\www\PWIII\codeigniterProjeto3\system\View\View.php(198): CodeIgniter\Exceptions\FrameworkException::forInvalidFile('style.css')
#1 C:\wamp64\www\PWIII\codeigniterProjeto3\system\Common.php(1089): CodeIgniter\View\View->render('style.css', Array, true)
#2 C:\wamp64\www\PWIII\codeigniterProjeto3\app\Controllers\Home.php(30): view('style.css')
#3 C:\wamp64\www\PWIII\codeigniterProjeto3\system\CodeIgniter.php(825): App\Controllers\Home->page('style.css')
#4 C:\wamp64\www\PWIII\codeigniterProjeto3\system\CodeIgniter.php(412): CodeIgniter\CodeIgniter->runController(Object(App\Controllers\Home))
#5 C:\wamp64\www\PWIII\codeigniterProjeto3\system\CodeIgniter.php(320): CodeIgniter\CodeIgniter->handleRequest(NULL, Object(Config\Cache), false)
#6 C:\wamp64\www\PWIII\codeigniterProjeto3\public\index.php(37): CodeIgniter\CodeIgniter->run()
#7 C:\wamp64\www\PWIII\codeigniterProjeto3\system\Commands\Server\rewrite.php(43): require_once('C:\\wamp64\\www\\P...')
#8 {main}
CRITICAL - 2022-06-01 13:00:02 --> Invalid file: barraLateral.js
#0 C:\wamp64\www\PWIII\codeigniterProjeto3\system\View\View.php(198): CodeIgniter\Exceptions\FrameworkException::forInvalidFile('barraLateral.js')
#1 C:\wamp64\www\PWIII\codeigniterProjeto3\system\Common.php(1089): CodeIgniter\View\View->render('barraLateral.js', Array, true)
#2 C:\wamp64\www\PWIII\codeigniterProjeto3\app\Controllers\Home.php(30): view('barraLateral.js')
#3 C:\wamp64\www\PWIII\codeigniterProjeto3\system\CodeIgniter.php(825): App\Controllers\Home->page('barraLateral.js')
#4 C:\wamp64\www\PWIII\codeigniterProjeto3\system\CodeIgniter.php(412): CodeIgniter\CodeIgniter->runController(Object(App\Controllers\Home))
#5 C:\wamp64\www\PWIII\codeigniterProjeto3\system\CodeIgniter.php(320): CodeIgniter\CodeIgniter->handleRequest(NULL, Object(Config\Cache), false)
#6 C:\wamp64\www\PWIII\codeigniterProjeto3\public\index.php(37): CodeIgniter\CodeIgniter->run()
#7 C:\wamp64\www\PWIII\codeigniterProjeto3\system\Commands\Server\rewrite.php(43): require_once('C:\\wamp64\\www\\P...')
#8 {main}
CRITICAL - 2022-06-01 13:00:05 --> Undefined variable: carros
#0 C:\wamp64\www\PWIII\codeigniterProjeto3\app\Views\listaCarros.php(63): CodeIgniter\Debug\Exceptions->errorHandler(8, 'Undefined varia...', 'C:\\wamp64\\www\\P...', 63, Array)
#1 C:\wamp64\www\PWIII\codeigniterProjeto3\system\View\View.php(210): include('C:\\wamp64\\www\\P...')
#2 C:\wamp64\www\PWIII\codeigniterProjeto3\system\View\View.php(213): CodeIgniter\View\View->CodeIgniter\View\{closure}()
#3 C:\wamp64\www\PWIII\codeigniterProjeto3\system\Common.php(1089): CodeIgniter\View\View->render('listacarros', Array, true)
#4 C:\wamp64\www\PWIII\codeigniterProjeto3\app\Controllers\Home.php(30): view('listacarros')
#5 C:\wamp64\www\PWIII\codeigniterProjeto3\system\CodeIgniter.php(825): App\Controllers\Home->page('listacarros')
#6 C:\wamp64\www\PWIII\codeigniterProjeto3\system\CodeIgniter.php(412): CodeIgniter\CodeIgniter->runController(Object(App\Controllers\Home))
#7 C:\wamp64\www\PWIII\codeigniterProjeto3\system\CodeIgniter.php(320): CodeIgniter\CodeIgniter->handleRequest(NULL, Object(Config\Cache), false)
#8 C:\wamp64\www\PWIII\codeigniterProjeto3\public\index.php(37): CodeIgniter\CodeIgniter->run()
#9 C:\wamp64\www\PWIII\codeigniterProjeto3\system\Commands\Server\rewrite.php(43): require_once('C:\\wamp64\\www\\P...')
#10 {main}
CRITICAL - 2022-06-01 13:00:19 --> Undefined variable: carros
#0 C:\wamp64\www\PWIII\codeigniterProjeto3\app\Views\listaCarros.php(63): CodeIgniter\Debug\Exceptions->errorHandler(8, 'Undefined varia...', 'C:\\wamp64\\www\\P...', 63, Array)
#1 C:\wamp64\www\PWIII\codeigniterProjeto3\system\View\View.php(210): include('C:\\wamp64\\www\\P...')
#2 C:\wamp64\www\PWIII\codeigniterProjeto3\system\View\View.php(213): CodeIgniter\View\View->CodeIgniter\View\{closure}()
#3 C:\wamp64\www\PWIII\codeigniterProjeto3\system\Common.php(1089): CodeIgniter\View\View->render('listacarros', Array, true)
#4 C:\wamp64\www\PWIII\codeigniterProjeto3\app\Controllers\Home.php(30): view('listacarros')
#5 C:\wamp64\www\PWIII\codeigniterProjeto3\system\CodeIgniter.php(825): App\Controllers\Home->page('listacarros')
#6 C:\wamp64\www\PWIII\codeigniterProjeto3\system\CodeIgniter.php(412): CodeIgniter\CodeIgniter->runController(Object(App\Controllers\Home))
#7 C:\wamp64\www\PWIII\codeigniterProjeto3\system\CodeIgniter.php(320): CodeIgniter\CodeIgniter->handleRequest(NULL, Object(Config\Cache), false)
#8 C:\wamp64\www\PWIII\codeigniterProjeto3\public\index.php(37): CodeIgniter\CodeIgniter->run()
#9 C:\wamp64\www\PWIII\codeigniterProjeto3\system\Commands\Server\rewrite.php(43): require_once('C:\\wamp64\\www\\P...')
#10 {main}
CRITICAL - 2022-06-01 13:09:37 --> Undefined variable: carros
#0 C:\wamp64\www\PWIII\codeigniterProjeto3\app\Views\listaCarros.php(63): CodeIgniter\Debug\Exceptions->errorHandler(8, 'Undefined varia...', 'C:\\wamp64\\www\\P...', 63, Array)
#1 C:\wamp64\www\PWIII\codeigniterProjeto3\system\View\View.php(210): include('C:\\wamp64\\www\\P...')
#2 C:\wamp64\www\PWIII\codeigniterProjeto3\system\View\View.php(213): CodeIgniter\View\View->CodeIgniter\View\{closure}()
#3 C:\wamp64\www\PWIII\codeigniterProjeto3\system\Common.php(1089): CodeIgniter\View\View->render('listacarros', Array, true)
#4 C:\wamp64\www\PWIII\codeigniterProjeto3\app\Controllers\Home.php(35): view('listacarros')
#5 C:\wamp64\www\PWIII\codeigniterProjeto3\system\CodeIgniter.php(825): App\Controllers\Home->page('listacarros')
#6 C:\wamp64\www\PWIII\codeigniterProjeto3\system\CodeIgniter.php(412): CodeIgniter\CodeIgniter->runController(Object(App\Controllers\Home))
#7 C:\wamp64\www\PWIII\codeigniterProjeto3\system\CodeIgniter.php(320): CodeIgniter\CodeIgniter->handleRequest(NULL, Object(Config\Cache), false)
#8 C:\wamp64\www\PWIII\codeigniterProjeto3\public\index.php(37): CodeIgniter\CodeIgniter->run()
#9 C:\wamp64\www\PWIII\codeigniterProjeto3\system\Commands\Server\rewrite.php(43): require_once('C:\\wamp64\\www\\P...')
#10 {main}
CRITICAL - 2022-06-01 13:09:48 --> Undefined variable: carros
#0 C:\wamp64\www\PWIII\codeigniterProjeto3\app\Views\listaCarros.php(63): CodeIgniter\Debug\Exceptions->errorHandler(8, 'Undefined varia...', 'C:\\wamp64\\www\\P...', 63, Array)
#1 C:\wamp64\www\PWIII\codeigniterProjeto3\system\View\View.php(210): include('C:\\wamp64\\www\\P...')
#2 C:\wamp64\www\PWIII\codeigniterProjeto3\system\View\View.php(213): CodeIgniter\View\View->CodeIgniter\View\{closure}()
#3 C:\wamp64\www\PWIII\codeigniterProjeto3\system\Common.php(1089): CodeIgniter\View\View->render('listacarros', Array, true)
#4 C:\wamp64\www\PWIII\codeigniterProjeto3\app\Controllers\Home.php(35): view('listacarros')
#5 C:\wamp64\www\PWIII\codeigniterProjeto3\system\CodeIgniter.php(825): App\Controllers\Home->page('listacarros')
#6 C:\wamp64\www\PWIII\codeigniterProjeto3\system\CodeIgniter.php(412): CodeIgniter\CodeIgniter->runController(Object(App\Controllers\Home))
#7 C:\wamp64\www\PWIII\codeigniterProjeto3\system\CodeIgniter.php(320): CodeIgniter\CodeIgniter->handleRequest(NULL, Object(Config\Cache), false)
#8 C:\wamp64\www\PWIII\codeigniterProjeto3\public\index.php(37): CodeIgniter\CodeIgniter->run()
#9 C:\wamp64\www\PWIII\codeigniterProjeto3\system\Commands\Server\rewrite.php(43): require_once('C:\\wamp64\\www\\P...')
#10 {main}
CRITICAL - 2022-06-01 13:11:28 --> Undefined variable: carros
#0 C:\wamp64\www\PWIII\codeigniterProjeto3\app\Views\listaCarros.php(63): CodeIgniter\Debug\Exceptions->errorHandler(8, 'Undefined varia...', 'C:\\wamp64\\www\\P...', 63, Array)
#1 C:\wamp64\www\PWIII\codeigniterProjeto3\system\View\View.php(210): include('C:\\wamp64\\www\\P...')
#2 C:\wamp64\www\PWIII\codeigniterProjeto3\system\View\View.php(213): CodeIgniter\View\View->CodeIgniter\View\{closure}()
#3 C:\wamp64\www\PWIII\codeigniterProjeto3\system\Common.php(1089): CodeIgniter\View\View->render('listacarros', Array, true)
#4 C:\wamp64\www\PWIII\codeigniterProjeto3\app\Controllers\Home.php(35): view('listacarros')
#5 C:\wamp64\www\PWIII\codeigniterProjeto3\system\CodeIgniter.php(825): App\Controllers\Home->page('listacarros')
#6 C:\wamp64\www\PWIII\codeigniterProjeto3\system\CodeIgniter.php(412): CodeIgniter\CodeIgniter->runController(Object(App\Controllers\Home))
#7 C:\wamp64\www\PWIII\codeigniterProjeto3\system\CodeIgniter.php(320): CodeIgniter\CodeIgniter->handleRequest(NULL, Object(Config\Cache), false)
#8 C:\wamp64\www\PWIII\codeigniterProjeto3\public\index.php(37): CodeIgniter\CodeIgniter->run()
#9 C:\wamp64\www\PWIII\codeigniterProjeto3\system\Commands\Server\rewrite.php(43): require_once('C:\\wamp64\\www\\P...')
#10 {main}
CRITICAL - 2022-06-01 13:12:02 --> Undefined variable: carros
#0 C:\wamp64\www\PWIII\codeigniterProjeto3\app\Views\listaCarros.php(63): CodeIgniter\Debug\Exceptions->errorHandler(8, 'Undefined varia...', 'C:\\wamp64\\www\\P...', 63, Array)
#1 C:\wamp64\www\PWIII\codeigniterProjeto3\system\View\View.php(210): include('C:\\wamp64\\www\\P...')
#2 C:\wamp64\www\PWIII\codeigniterProjeto3\system\View\View.php(213): CodeIgniter\View\View->CodeIgniter\View\{closure}()
#3 C:\wamp64\www\PWIII\codeigniterProjeto3\system\Common.php(1089): CodeIgniter\View\View->render('listacarros', Array, true)
#4 C:\wamp64\www\PWIII\codeigniterProjeto3\app\Controllers\Home.php(35): view('listacarros')
#5 C:\wamp64\www\PWIII\codeigniterProjeto3\system\CodeIgniter.php(825): App\Controllers\Home->page('listacarros')
#6 C:\wamp64\www\PWIII\codeigniterProjeto3\system\CodeIgniter.php(412): CodeIgniter\CodeIgniter->runController(Object(App\Controllers\Home))
#7 C:\wamp64\www\PWIII\codeigniterProjeto3\system\CodeIgniter.php(320): CodeIgniter\CodeIgniter->handleRequest(NULL, Object(Config\Cache), false)
#8 C:\wamp64\www\PWIII\codeigniterProjeto3\public\index.php(37): CodeIgniter\CodeIgniter->run()
#9 C:\wamp64\www\PWIII\codeigniterProjeto3\system\Commands\Server\rewrite.php(43): require_once('C:\\wamp64\\www\\P...')
#10 {main}
CRITICAL - 2022-06-01 13:12:46 --> Undefined variable: carros
#0 C:\wamp64\www\PWIII\codeigniterProjeto3\app\Views\listaCarros.php(63): CodeIgniter\Debug\Exceptions->errorHandler(8, 'Undefined varia...', 'C:\\wamp64\\www\\P...', 63, Array)
#1 C:\wamp64\www\PWIII\codeigniterProjeto3\system\View\View.php(210): include('C:\\wamp64\\www\\P...')
#2 C:\wamp64\www\PWIII\codeigniterProjeto3\system\View\View.php(213): CodeIgniter\View\View->CodeIgniter\View\{closure}()
#3 C:\wamp64\www\PWIII\codeigniterProjeto3\system\Common.php(1089): CodeIgniter\View\View->render('listacarros', Array, true)
#4 C:\wamp64\www\PWIII\codeigniterProjeto3\app\Controllers\Home.php(35): view('listacarros')
#5 C:\wamp64\www\PWIII\codeigniterProjeto3\system\CodeIgniter.php(825): App\Controllers\Home->page('listacarros')
#6 C:\wamp64\www\PWIII\codeigniterProjeto3\system\CodeIgniter.php(412): CodeIgniter\CodeIgniter->runController(Object(App\Controllers\Home))
#7 C:\wamp64\www\PWIII\codeigniterProjeto3\system\CodeIgniter.php(320): CodeIgniter\CodeIgniter->handleRequest(NULL, Object(Config\Cache), false)
#8 C:\wamp64\www\PWIII\codeigniterProjeto3\public\index.php(37): CodeIgniter\CodeIgniter->run()
#9 C:\wamp64\www\PWIII\codeigniterProjeto3\system\Commands\Server\rewrite.php(43): require_once('C:\\wamp64\\www\\P...')
#10 {main}
