CRITICAL - 2022-05-11 11:57:45 --> Array to string conversion
#0 C:\Users\Aluno\Documents\GitHub\codeigniterProjeto3\app\Views\pessoa.php(18): CodeIgniter\Debug\Exceptions->errorHandler(8, 'Array to string...', 'C:\\Users\\Aluno\\...', 18, Array)
#1 C:\Users\Aluno\Documents\GitHub\codeigniterProjeto3\system\View\View.php(210): include('C:\\Users\\Aluno\\...')
#2 C:\Users\Aluno\Documents\GitHub\codeigniterProjeto3\system\View\View.php(213): CodeIgniter\View\View->CodeIgniter\View\{closure}()
#3 C:\Users\Aluno\Documents\GitHub\codeigniterProjeto3\system\Common.php(1089): CodeIgniter\View\View->render('pessoa', Array, true)
#4 C:\Users\Aluno\Documents\GitHub\codeigniterProjeto3\app\Controllers\Home.php(33): view('pessoa', Array)
#5 C:\Users\Aluno\Documents\GitHub\codeigniterProjeto3\system\CodeIgniter.php(825): App\Controllers\Home->pessoas()
#6 C:\Users\Aluno\Documents\GitHub\codeigniterProjeto3\system\CodeIgniter.php(412): CodeIgniter\CodeIgniter->runController(Object(App\Controllers\Home))
#7 C:\Users\Aluno\Documents\GitHub\codeigniterProjeto3\system\CodeIgniter.php(320): CodeIgniter\CodeIgniter->handleRequest(NULL, Object(Config\Cache), false)
#8 C:\Users\Aluno\Documents\GitHub\codeigniterProjeto3\public\index.php(37): CodeIgniter\CodeIgniter->run()
#9 C:\Users\Aluno\Documents\GitHub\codeigniterProjeto3\system\Commands\Server\rewrite.php(43): require_once('C:\\Users\\Aluno\\...')
#10 {main}
CRITICAL - 2022-05-11 11:58:02 --> Array to string conversion
#0 C:\Users\Aluno\Documents\GitHub\codeigniterProjeto3\app\Views\pessoa.php(18): CodeIgniter\Debug\Exceptions->errorHandler(8, 'Array to string...', 'C:\\Users\\Aluno\\...', 18, Array)
#1 C:\Users\Aluno\Documents\GitHub\codeigniterProjeto3\system\View\View.php(210): include('C:\\Users\\Aluno\\...')
#2 C:\Users\Aluno\Documents\GitHub\codeigniterProjeto3\system\View\View.php(213): CodeIgniter\View\View->CodeIgniter\View\{closure}()
#3 C:\Users\Aluno\Documents\GitHub\codeigniterProjeto3\system\Common.php(1089): CodeIgniter\View\View->render('pessoa', Array, true)
#4 C:\Users\Aluno\Documents\GitHub\codeigniterProjeto3\app\Controllers\Home.php(33): view('pessoa', Array)
#5 C:\Users\Aluno\Documents\GitHub\codeigniterProjeto3\system\CodeIgniter.php(825): App\Controllers\Home->pessoas()
#6 C:\Users\Aluno\Documents\GitHub\codeigniterProjeto3\system\CodeIgniter.php(412): CodeIgniter\CodeIgniter->runController(Object(App\Controllers\Home))
#7 C:\Users\Aluno\Documents\GitHub\codeigniterProjeto3\system\CodeIgniter.php(320): CodeIgniter\CodeIgniter->handleRequest(NULL, Object(Config\Cache), false)
#8 C:\Users\Aluno\Documents\GitHub\codeigniterProjeto3\public\index.php(37): CodeIgniter\CodeIgniter->run()
#9 C:\Users\Aluno\Documents\GitHub\codeigniterProjeto3\system\Commands\Server\rewrite.php(43): require_once('C:\\Users\\Aluno\\...')
#10 {main}
CRITICAL - 2022-05-11 11:58:04 --> Array to string conversion
#0 C:\Users\Aluno\Documents\GitHub\codeigniterProjeto3\app\Views\pessoa.php(18): CodeIgniter\Debug\Exceptions->errorHandler(8, 'Array to string...', 'C:\\Users\\Aluno\\...', 18, Array)
#1 C:\Users\Aluno\Documents\GitHub\codeigniterProjeto3\system\View\View.php(210): include('C:\\Users\\Aluno\\...')
#2 C:\Users\Aluno\Documents\GitHub\codeigniterProjeto3\system\View\View.php(213): CodeIgniter\View\View->CodeIgniter\View\{closure}()
#3 C:\Users\Aluno\Documents\GitHub\codeigniterProjeto3\system\Common.php(1089): CodeIgniter\View\View->render('pessoa', Array, true)
#4 C:\Users\Aluno\Documents\GitHub\codeigniterProjeto3\app\Controllers\Home.php(33): view('pessoa', Array)
#5 C:\Users\Aluno\Documents\GitHub\codeigniterProjeto3\system\CodeIgniter.php(825): App\Controllers\Home->pessoas()
#6 C:\Users\Aluno\Documents\GitHub\codeigniterProjeto3\system\CodeIgniter.php(412): CodeIgniter\CodeIgniter->runController(Object(App\Controllers\Home))
#7 C:\Users\Aluno\Documents\GitHub\codeigniterProjeto3\system\CodeIgniter.php(320): CodeIgniter\CodeIgniter->handleRequest(NULL, Object(Config\Cache), false)
#8 C:\Users\Aluno\Documents\GitHub\codeigniterProjeto3\public\index.php(37): CodeIgniter\CodeIgniter->run()
#9 C:\Users\Aluno\Documents\GitHub\codeigniterProjeto3\system\Commands\Server\rewrite.php(43): require_once('C:\\Users\\Aluno\\...')
#10 {main}
CRITICAL - 2022-05-11 11:58:05 --> Array to string conversion
#0 C:\Users\Aluno\Documents\GitHub\codeigniterProjeto3\app\Views\pessoa.php(18): CodeIgniter\Debug\Exceptions->errorHandler(8, 'Array to string...', 'C:\\Users\\Aluno\\...', 18, Array)
#1 C:\Users\Aluno\Documents\GitHub\codeigniterProjeto3\system\View\View.php(210): include('C:\\Users\\Aluno\\...')
#2 C:\Users\Aluno\Documents\GitHub\codeigniterProjeto3\system\View\View.php(213): CodeIgniter\View\View->CodeIgniter\View\{closure}()
#3 C:\Users\Aluno\Documents\GitHub\codeigniterProjeto3\system\Common.php(1089): CodeIgniter\View\View->render('pessoa', Array, true)
#4 C:\Users\Aluno\Documents\GitHub\codeigniterProjeto3\app\Controllers\Home.php(33): view('pessoa', Array)
#5 C:\Users\Aluno\Documents\GitHub\codeigniterProjeto3\system\CodeIgniter.php(825): App\Controllers\Home->pessoas()
#6 C:\Users\Aluno\Documents\GitHub\codeigniterProjeto3\system\CodeIgniter.php(412): CodeIgniter\CodeIgniter->runController(Object(App\Controllers\Home))
#7 C:\Users\Aluno\Documents\GitHub\codeigniterProjeto3\system\CodeIgniter.php(320): CodeIgniter\CodeIgniter->handleRequest(NULL, Object(Config\Cache), false)
#8 C:\Users\Aluno\Documents\GitHub\codeigniterProjeto3\public\index.php(37): CodeIgniter\CodeIgniter->run()
#9 C:\Users\Aluno\Documents\GitHub\codeigniterProjeto3\system\Commands\Server\rewrite.php(43): require_once('C:\\Users\\Aluno\\...')
#10 {main}
CRITICAL - 2022-05-11 11:58:06 --> Array to string conversion
#0 C:\Users\Aluno\Documents\GitHub\codeigniterProjeto3\app\Views\pessoa.php(18): CodeIgniter\Debug\Exceptions->errorHandler(8, 'Array to string...', 'C:\\Users\\Aluno\\...', 18, Array)
#1 C:\Users\Aluno\Documents\GitHub\codeigniterProjeto3\system\View\View.php(210): include('C:\\Users\\Aluno\\...')
#2 C:\Users\Aluno\Documents\GitHub\codeigniterProjeto3\system\View\View.php(213): CodeIgniter\View\View->CodeIgniter\View\{closure}()
#3 C:\Users\Aluno\Documents\GitHub\codeigniterProjeto3\system\Common.php(1089): CodeIgniter\View\View->render('pessoa', Array, true)
#4 C:\Users\Aluno\Documents\GitHub\codeigniterProjeto3\app\Controllers\Home.php(33): view('pessoa', Array)
#5 C:\Users\Aluno\Documents\GitHub\codeigniterProjeto3\system\CodeIgniter.php(825): App\Controllers\Home->pessoas()
#6 C:\Users\Aluno\Documents\GitHub\codeigniterProjeto3\system\CodeIgniter.php(412): CodeIgniter\CodeIgniter->runController(Object(App\Controllers\Home))
#7 C:\Users\Aluno\Documents\GitHub\codeigniterProjeto3\system\CodeIgniter.php(320): CodeIgniter\CodeIgniter->handleRequest(NULL, Object(Config\Cache), false)
#8 C:\Users\Aluno\Documents\GitHub\codeigniterProjeto3\public\index.php(37): CodeIgniter\CodeIgniter->run()
#9 C:\Users\Aluno\Documents\GitHub\codeigniterProjeto3\system\Commands\Server\rewrite.php(43): require_once('C:\\Users\\Aluno\\...')
#10 {main}
CRITICAL - 2022-05-11 11:58:06 --> Array to string conversion
#0 C:\Users\Aluno\Documents\GitHub\codeigniterProjeto3\app\Views\pessoa.php(18): CodeIgniter\Debug\Exceptions->errorHandler(8, 'Array to string...', 'C:\\Users\\Aluno\\...', 18, Array)
#1 C:\Users\Aluno\Documents\GitHub\codeigniterProjeto3\system\View\View.php(210): include('C:\\Users\\Aluno\\...')
#2 C:\Users\Aluno\Documents\GitHub\codeigniterProjeto3\system\View\View.php(213): CodeIgniter\View\View->CodeIgniter\View\{closure}()
#3 C:\Users\Aluno\Documents\GitHub\codeigniterProjeto3\system\Common.php(1089): CodeIgniter\View\View->render('pessoa', Array, true)
#4 C:\Users\Aluno\Documents\GitHub\codeigniterProjeto3\app\Controllers\Home.php(33): view('pessoa', Array)
#5 C:\Users\Aluno\Documents\GitHub\codeigniterProjeto3\system\CodeIgniter.php(825): App\Controllers\Home->pessoas()
#6 C:\Users\Aluno\Documents\GitHub\codeigniterProjeto3\system\CodeIgniter.php(412): CodeIgniter\CodeIgniter->runController(Object(App\Controllers\Home))
#7 C:\Users\Aluno\Documents\GitHub\codeigniterProjeto3\system\CodeIgniter.php(320): CodeIgniter\CodeIgniter->handleRequest(NULL, Object(Config\Cache), false)
#8 C:\Users\Aluno\Documents\GitHub\codeigniterProjeto3\public\index.php(37): CodeIgniter\CodeIgniter->run()
#9 C:\Users\Aluno\Documents\GitHub\codeigniterProjeto3\system\Commands\Server\rewrite.php(43): require_once('C:\\Users\\Aluno\\...')
#10 {main}
CRITICAL - 2022-05-11 11:59:40 --> Array to string conversion
#0 C:\Users\Aluno\Documents\GitHub\codeigniterProjeto3\app\Views\pessoa.php(18): CodeIgniter\Debug\Exceptions->errorHandler(8, 'Array to string...', 'C:\\Users\\Aluno\\...', 18, Array)
#1 C:\Users\Aluno\Documents\GitHub\codeigniterProjeto3\system\View\View.php(210): include('C:\\Users\\Aluno\\...')
#2 C:\Users\Aluno\Documents\GitHub\codeigniterProjeto3\system\View\View.php(213): CodeIgniter\View\View->CodeIgniter\View\{closure}()
#3 C:\Users\Aluno\Documents\GitHub\codeigniterProjeto3\system\Common.php(1089): CodeIgniter\View\View->render('pessoa', Array, true)
#4 C:\Users\Aluno\Documents\GitHub\codeigniterProjeto3\app\Controllers\Home.php(33): view('pessoa', Array)
#5 C:\Users\Aluno\Documents\GitHub\codeigniterProjeto3\system\CodeIgniter.php(825): App\Controllers\Home->pessoas()
#6 C:\Users\Aluno\Documents\GitHub\codeigniterProjeto3\system\CodeIgniter.php(412): CodeIgniter\CodeIgniter->runController(Object(App\Controllers\Home))
#7 C:\Users\Aluno\Documents\GitHub\codeigniterProjeto3\system\CodeIgniter.php(320): CodeIgniter\CodeIgniter->handleRequest(NULL, Object(Config\Cache), false)
#8 C:\Users\Aluno\Documents\GitHub\codeigniterProjeto3\public\index.php(37): CodeIgniter\CodeIgniter->run()
#9 C:\Users\Aluno\Documents\GitHub\codeigniterProjeto3\system\Commands\Server\rewrite.php(43): require_once('C:\\Users\\Aluno\\...')
#10 {main}
CRITICAL - 2022-05-11 11:59:43 --> Array to string conversion
#0 C:\Users\Aluno\Documents\GitHub\codeigniterProjeto3\app\Views\pessoa.php(18): CodeIgniter\Debug\Exceptions->errorHandler(8, 'Array to string...', 'C:\\Users\\Aluno\\...', 18, Array)
#1 C:\Users\Aluno\Documents\GitHub\codeigniterProjeto3\system\View\View.php(210): include('C:\\Users\\Aluno\\...')
#2 C:\Users\Aluno\Documents\GitHub\codeigniterProjeto3\system\View\View.php(213): CodeIgniter\View\View->CodeIgniter\View\{closure}()
#3 C:\Users\Aluno\Documents\GitHub\codeigniterProjeto3\system\Common.php(1089): CodeIgniter\View\View->render('pessoa', Array, true)
#4 C:\Users\Aluno\Documents\GitHub\codeigniterProjeto3\app\Controllers\Home.php(33): view('pessoa', Array)
#5 C:\Users\Aluno\Documents\GitHub\codeigniterProjeto3\system\CodeIgniter.php(825): App\Controllers\Home->pessoas()
#6 C:\Users\Aluno\Documents\GitHub\codeigniterProjeto3\system\CodeIgniter.php(412): CodeIgniter\CodeIgniter->runController(Object(App\Controllers\Home))
#7 C:\Users\Aluno\Documents\GitHub\codeigniterProjeto3\system\CodeIgniter.php(320): CodeIgniter\CodeIgniter->handleRequest(NULL, Object(Config\Cache), false)
#8 C:\Users\Aluno\Documents\GitHub\codeigniterProjeto3\public\index.php(37): CodeIgniter\CodeIgniter->run()
#9 C:\Users\Aluno\Documents\GitHub\codeigniterProjeto3\system\Commands\Server\rewrite.php(43): require_once('C:\\Users\\Aluno\\...')
#10 {main}
CRITICAL - 2022-05-11 12:17:19 --> Too few arguments to function App\Models\PessoasModel::getPessoa(), 0 passed in C:\Users\Aluno\Documents\GitHub\codeigniterProjeto3\app\Controllers\Home.php on line 67 and exactly 1 expected
#0 C:\Users\Aluno\Documents\GitHub\codeigniterProjeto3\app\Controllers\Home.php(67): App\Models\PessoasModel->getPessoa()
#1 C:\Users\Aluno\Documents\GitHub\codeigniterProjeto3\system\CodeIgniter.php(825): App\Controllers\Home->editar('4')
#2 C:\Users\Aluno\Documents\GitHub\codeigniterProjeto3\system\CodeIgniter.php(412): CodeIgniter\CodeIgniter->runController(Object(App\Controllers\Home))
#3 C:\Users\Aluno\Documents\GitHub\codeigniterProjeto3\system\CodeIgniter.php(320): CodeIgniter\CodeIgniter->handleRequest(NULL, Object(Config\Cache), false)
#4 C:\Users\Aluno\Documents\GitHub\codeigniterProjeto3\public\index.php(37): CodeIgniter\CodeIgniter->run()
#5 C:\Users\Aluno\Documents\GitHub\codeigniterProjeto3\system\Commands\Server\rewrite.php(43): require_once('C:\\Users\\Aluno\\...')
#6 {main}
CRITICAL - 2022-05-11 12:18:38 --> Too few arguments to function App\Models\PessoasModel::getPessoa(), 0 passed in C:\Users\Aluno\Documents\GitHub\codeigniterProjeto3\app\Controllers\Home.php on line 67 and exactly 1 expected
#0 C:\Users\Aluno\Documents\GitHub\codeigniterProjeto3\app\Controllers\Home.php(67): App\Models\PessoasModel->getPessoa()
#1 C:\Users\Aluno\Documents\GitHub\codeigniterProjeto3\system\CodeIgniter.php(825): App\Controllers\Home->editar('4')
#2 C:\Users\Aluno\Documents\GitHub\codeigniterProjeto3\system\CodeIgniter.php(412): CodeIgniter\CodeIgniter->runController(Object(App\Controllers\Home))
#3 C:\Users\Aluno\Documents\GitHub\codeigniterProjeto3\system\CodeIgniter.php(320): CodeIgniter\CodeIgniter->handleRequest(NULL, Object(Config\Cache), false)
#4 C:\Users\Aluno\Documents\GitHub\codeigniterProjeto3\public\index.php(37): CodeIgniter\CodeIgniter->run()
#5 C:\Users\Aluno\Documents\GitHub\codeigniterProjeto3\system\Commands\Server\rewrite.php(43): require_once('C:\\Users\\Aluno\\...')
#6 {main}
CRITICAL - 2022-05-11 12:18:39 --> Too few arguments to function App\Models\PessoasModel::getPessoa(), 0 passed in C:\Users\Aluno\Documents\GitHub\codeigniterProjeto3\app\Controllers\Home.php on line 67 and exactly 1 expected
#0 C:\Users\Aluno\Documents\GitHub\codeigniterProjeto3\app\Controllers\Home.php(67): App\Models\PessoasModel->getPessoa()
#1 C:\Users\Aluno\Documents\GitHub\codeigniterProjeto3\system\CodeIgniter.php(825): App\Controllers\Home->editar('4')
#2 C:\Users\Aluno\Documents\GitHub\codeigniterProjeto3\system\CodeIgniter.php(412): CodeIgniter\CodeIgniter->runController(Object(App\Controllers\Home))
#3 C:\Users\Aluno\Documents\GitHub\codeigniterProjeto3\system\CodeIgniter.php(320): CodeIgniter\CodeIgniter->handleRequest(NULL, Object(Config\Cache), false)
#4 C:\Users\Aluno\Documents\GitHub\codeigniterProjeto3\public\index.php(37): CodeIgniter\CodeIgniter->run()
#5 C:\Users\Aluno\Documents\GitHub\codeigniterProjeto3\system\Commands\Server\rewrite.php(43): require_once('C:\\Users\\Aluno\\...')
#6 {main}
CRITICAL - 2022-05-11 12:18:45 --> Too few arguments to function App\Models\PessoasModel::getPessoa(), 0 passed in C:\Users\Aluno\Documents\GitHub\codeigniterProjeto3\app\Controllers\Home.php on line 67 and exactly 1 expected
#0 C:\Users\Aluno\Documents\GitHub\codeigniterProjeto3\app\Controllers\Home.php(67): App\Models\PessoasModel->getPessoa()
#1 C:\Users\Aluno\Documents\GitHub\codeigniterProjeto3\system\CodeIgniter.php(825): App\Controllers\Home->editar('3')
#2 C:\Users\Aluno\Documents\GitHub\codeigniterProjeto3\system\CodeIgniter.php(412): CodeIgniter\CodeIgniter->runController(Object(App\Controllers\Home))
#3 C:\Users\Aluno\Documents\GitHub\codeigniterProjeto3\system\CodeIgniter.php(320): CodeIgniter\CodeIgniter->handleRequest(NULL, Object(Config\Cache), false)
#4 C:\Users\Aluno\Documents\GitHub\codeigniterProjeto3\public\index.php(37): CodeIgniter\CodeIgniter->run()
#5 C:\Users\Aluno\Documents\GitHub\codeigniterProjeto3\system\Commands\Server\rewrite.php(43): require_once('C:\\Users\\Aluno\\...')
#6 {main}
CRITICAL - 2022-05-11 12:19:27 --> Too few arguments to function App\Models\PessoasModel::getPessoa(), 0 passed in C:\Users\Aluno\Documents\GitHub\codeigniterProjeto3\app\Controllers\Home.php on line 69 and exactly 1 expected
#0 C:\Users\Aluno\Documents\GitHub\codeigniterProjeto3\app\Controllers\Home.php(69): App\Models\PessoasModel->getPessoa()
#1 C:\Users\Aluno\Documents\GitHub\codeigniterProjeto3\system\CodeIgniter.php(825): App\Controllers\Home->editar('3')
#2 C:\Users\Aluno\Documents\GitHub\codeigniterProjeto3\system\CodeIgniter.php(412): CodeIgniter\CodeIgniter->runController(Object(App\Controllers\Home))
#3 C:\Users\Aluno\Documents\GitHub\codeigniterProjeto3\system\CodeIgniter.php(320): CodeIgniter\CodeIgniter->handleRequest(NULL, Object(Config\Cache), false)
#4 C:\Users\Aluno\Documents\GitHub\codeigniterProjeto3\public\index.php(37): CodeIgniter\CodeIgniter->run()
#5 C:\Users\Aluno\Documents\GitHub\codeigniterProjeto3\system\Commands\Server\rewrite.php(43): require_once('C:\\Users\\Aluno\\...')
#6 {main}
CRITICAL - 2022-05-11 12:19:31 --> Too few arguments to function App\Models\PessoasModel::getPessoa(), 0 passed in C:\Users\Aluno\Documents\GitHub\codeigniterProjeto3\app\Controllers\Home.php on line 69 and exactly 1 expected
#0 C:\Users\Aluno\Documents\GitHub\codeigniterProjeto3\app\Controllers\Home.php(69): App\Models\PessoasModel->getPessoa()
#1 C:\Users\Aluno\Documents\GitHub\codeigniterProjeto3\system\CodeIgniter.php(825): App\Controllers\Home->editar('3')
#2 C:\Users\Aluno\Documents\GitHub\codeigniterProjeto3\system\CodeIgniter.php(412): CodeIgniter\CodeIgniter->runController(Object(App\Controllers\Home))
#3 C:\Users\Aluno\Documents\GitHub\codeigniterProjeto3\system\CodeIgniter.php(320): CodeIgniter\CodeIgniter->handleRequest(NULL, Object(Config\Cache), false)
#4 C:\Users\Aluno\Documents\GitHub\codeigniterProjeto3\public\index.php(37): CodeIgniter\CodeIgniter->run()
#5 C:\Users\Aluno\Documents\GitHub\codeigniterProjeto3\system\Commands\Server\rewrite.php(43): require_once('C:\\Users\\Aluno\\...')
#6 {main}
CRITICAL - 2022-05-11 12:20:35 --> Too few arguments to function App\Models\PessoasModel::getPessoa(), 0 passed in C:\Users\Aluno\Documents\GitHub\codeigniterProjeto3\app\Controllers\Home.php on line 69 and exactly 1 expected
#0 C:\Users\Aluno\Documents\GitHub\codeigniterProjeto3\app\Controllers\Home.php(69): App\Models\PessoasModel->getPessoa()
#1 C:\Users\Aluno\Documents\GitHub\codeigniterProjeto3\system\CodeIgniter.php(825): App\Controllers\Home->editar('4')
#2 C:\Users\Aluno\Documents\GitHub\codeigniterProjeto3\system\CodeIgniter.php(412): CodeIgniter\CodeIgniter->runController(Object(App\Controllers\Home))
#3 C:\Users\Aluno\Documents\GitHub\codeigniterProjeto3\system\CodeIgniter.php(320): CodeIgniter\CodeIgniter->handleRequest(NULL, Object(Config\Cache), false)
#4 C:\Users\Aluno\Documents\GitHub\codeigniterProjeto3\public\index.php(37): CodeIgniter\CodeIgniter->run()
#5 C:\Users\Aluno\Documents\GitHub\codeigniterProjeto3\system\Commands\Server\rewrite.php(43): require_once('C:\\Users\\Aluno\\...')
#6 {main}
CRITICAL - 2022-05-11 12:22:44 --> Too few arguments to function App\Models\PessoasModel::getPessoa(), 0 passed in C:\Users\Aluno\Documents\GitHub\codeigniterProjeto3\app\Controllers\Home.php on line 69 and exactly 1 expected
#0 C:\Users\Aluno\Documents\GitHub\codeigniterProjeto3\app\Controllers\Home.php(69): App\Models\PessoasModel->getPessoa()
#1 C:\Users\Aluno\Documents\GitHub\codeigniterProjeto3\system\CodeIgniter.php(825): App\Controllers\Home->editar('6')
#2 C:\Users\Aluno\Documents\GitHub\codeigniterProjeto3\system\CodeIgniter.php(412): CodeIgniter\CodeIgniter->runController(Object(App\Controllers\Home))
#3 C:\Users\Aluno\Documents\GitHub\codeigniterProjeto3\system\CodeIgniter.php(320): CodeIgniter\CodeIgniter->handleRequest(NULL, Object(Config\Cache), false)
#4 C:\Users\Aluno\Documents\GitHub\codeigniterProjeto3\public\index.php(37): CodeIgniter\CodeIgniter->run()
#5 C:\Users\Aluno\Documents\GitHub\codeigniterProjeto3\system\Commands\Server\rewrite.php(43): require_once('C:\\Users\\Aluno\\...')
#6 {main}
CRITICAL - 2022-05-11 12:22:47 --> Too few arguments to function App\Models\PessoasModel::getPessoa(), 0 passed in C:\Users\Aluno\Documents\GitHub\codeigniterProjeto3\app\Controllers\Home.php on line 69 and exactly 1 expected
#0 C:\Users\Aluno\Documents\GitHub\codeigniterProjeto3\app\Controllers\Home.php(69): App\Models\PessoasModel->getPessoa()
#1 C:\Users\Aluno\Documents\GitHub\codeigniterProjeto3\system\CodeIgniter.php(825): App\Controllers\Home->editar('6')
#2 C:\Users\Aluno\Documents\GitHub\codeigniterProjeto3\system\CodeIgniter.php(412): CodeIgniter\CodeIgniter->runController(Object(App\Controllers\Home))
#3 C:\Users\Aluno\Documents\GitHub\codeigniterProjeto3\system\CodeIgniter.php(320): CodeIgniter\CodeIgniter->handleRequest(NULL, Object(Config\Cache), false)
#4 C:\Users\Aluno\Documents\GitHub\codeigniterProjeto3\public\index.php(37): CodeIgniter\CodeIgniter->run()
#5 C:\Users\Aluno\Documents\GitHub\codeigniterProjeto3\system\Commands\Server\rewrite.php(43): require_once('C:\\Users\\Aluno\\...')
#6 {main}
CRITICAL - 2022-05-11 12:37:37 --> Invalid file: editar.php
#0 C:\Users\Aluno\Documents\GitHub\codeigniterProjeto3\system\View\View.php(198): CodeIgniter\Exceptions\FrameworkException::forInvalidFile('editar.php')
#1 C:\Users\Aluno\Documents\GitHub\codeigniterProjeto3\system\Common.php(1089): CodeIgniter\View\View->render('editar', Array, true)
#2 C:\Users\Aluno\Documents\GitHub\codeigniterProjeto3\app\Controllers\Home.php(20): view('editar')
#3 C:\Users\Aluno\Documents\GitHub\codeigniterProjeto3\system\CodeIgniter.php(825): App\Controllers\Home->page('editar', 'cadastro-pessoa...')
#4 C:\Users\Aluno\Documents\GitHub\codeigniterProjeto3\system\CodeIgniter.php(412): CodeIgniter\CodeIgniter->runController(Object(App\Controllers\Home))
#5 C:\Users\Aluno\Documents\GitHub\codeigniterProjeto3\system\CodeIgniter.php(320): CodeIgniter\CodeIgniter->handleRequest(NULL, Object(Config\Cache), false)
#6 C:\Users\Aluno\Documents\GitHub\codeigniterProjeto3\public\index.php(37): CodeIgniter\CodeIgniter->run()
#7 C:\Users\Aluno\Documents\GitHub\codeigniterProjeto3\system\Commands\Server\rewrite.php(43): require_once('C:\\Users\\Aluno\\...')
#8 {main}
CRITICAL - 2022-05-11 12:37:44 --> Invalid file: editar.php
#0 C:\Users\Aluno\Documents\GitHub\codeigniterProjeto3\system\View\View.php(198): CodeIgniter\Exceptions\FrameworkException::forInvalidFile('editar.php')
#1 C:\Users\Aluno\Documents\GitHub\codeigniterProjeto3\system\Common.php(1089): CodeIgniter\View\View->render('editar', Array, true)
#2 C:\Users\Aluno\Documents\GitHub\codeigniterProjeto3\app\Controllers\Home.php(20): view('editar')
#3 C:\Users\Aluno\Documents\GitHub\codeigniterProjeto3\system\CodeIgniter.php(825): App\Controllers\Home->page('editar', 'contato')
#4 C:\Users\Aluno\Documents\GitHub\codeigniterProjeto3\system\CodeIgniter.php(412): CodeIgniter\CodeIgniter->runController(Object(App\Controllers\Home))
#5 C:\Users\Aluno\Documents\GitHub\codeigniterProjeto3\system\CodeIgniter.php(320): CodeIgniter\CodeIgniter->handleRequest(NULL, Object(Config\Cache), false)
#6 C:\Users\Aluno\Documents\GitHub\codeigniterProjeto3\public\index.php(37): CodeIgniter\CodeIgniter->run()
#7 C:\Users\Aluno\Documents\GitHub\codeigniterProjeto3\system\Commands\Server\rewrite.php(43): require_once('C:\\Users\\Aluno\\...')
#8 {main}
CRITICAL - 2022-05-11 12:37:46 --> Invalid file: editar.php
#0 C:\Users\Aluno\Documents\GitHub\codeigniterProjeto3\system\View\View.php(198): CodeIgniter\Exceptions\FrameworkException::forInvalidFile('editar.php')
#1 C:\Users\Aluno\Documents\GitHub\codeigniterProjeto3\system\Common.php(1089): CodeIgniter\View\View->render('editar', Array, true)
#2 C:\Users\Aluno\Documents\GitHub\codeigniterProjeto3\app\Controllers\Home.php(20): view('editar')
#3 C:\Users\Aluno\Documents\GitHub\codeigniterProjeto3\system\CodeIgniter.php(825): App\Controllers\Home->page('editar', 'home')
#4 C:\Users\Aluno\Documents\GitHub\codeigniterProjeto3\system\CodeIgniter.php(412): CodeIgniter\CodeIgniter->runController(Object(App\Controllers\Home))
#5 C:\Users\Aluno\Documents\GitHub\codeigniterProjeto3\system\CodeIgniter.php(320): CodeIgniter\CodeIgniter->handleRequest(NULL, Object(Config\Cache), false)
#6 C:\Users\Aluno\Documents\GitHub\codeigniterProjeto3\public\index.php(37): CodeIgniter\CodeIgniter->run()
#7 C:\Users\Aluno\Documents\GitHub\codeigniterProjeto3\system\Commands\Server\rewrite.php(43): require_once('C:\\Users\\Aluno\\...')
#8 {main}
CRITICAL - 2022-05-11 12:40:24 --> syntax error, unexpected '}', expecting ';'
#0 C:\Users\Aluno\Documents\GitHub\codeigniterProjeto3\system\Autoloader\Autoloader.php(241): CodeIgniter\Autoloader\Autoloader->includeFile('C:\\Users\\Aluno\\...')
#1 C:\Users\Aluno\Documents\GitHub\codeigniterProjeto3\system\Autoloader\Autoloader.php(219): CodeIgniter\Autoloader\Autoloader->loadInNamespace('App\\Controllers...')
#2 [internal function]: CodeIgniter\Autoloader\Autoloader->loadClass('App\\Controllers...')
#3 [internal function]: spl_autoload_call('App\\Controllers...')
#4 C:\Users\Aluno\Documents\GitHub\codeigniterProjeto3\system\CodeIgniter.php(790): class_exists('\\App\\Controller...', true)
#5 C:\Users\Aluno\Documents\GitHub\codeigniterProjeto3\system\CodeIgniter.php(399): CodeIgniter\CodeIgniter->startController()
#6 C:\Users\Aluno\Documents\GitHub\codeigniterProjeto3\system\CodeIgniter.php(320): CodeIgniter\CodeIgniter->handleRequest(NULL, Object(Config\Cache), false)
#7 C:\Users\Aluno\Documents\GitHub\codeigniterProjeto3\public\index.php(37): CodeIgniter\CodeIgniter->run()
#8 C:\Users\Aluno\Documents\GitHub\codeigniterProjeto3\system\Commands\Server\rewrite.php(43): require_once('C:\\Users\\Aluno\\...')
#9 {main}
CRITICAL - 2022-05-11 12:40:25 --> syntax error, unexpected '}', expecting ';'
#0 C:\Users\Aluno\Documents\GitHub\codeigniterProjeto3\system\Autoloader\Autoloader.php(241): CodeIgniter\Autoloader\Autoloader->includeFile('C:\\Users\\Aluno\\...')
#1 C:\Users\Aluno\Documents\GitHub\codeigniterProjeto3\system\Autoloader\Autoloader.php(219): CodeIgniter\Autoloader\Autoloader->loadInNamespace('App\\Controllers...')
#2 [internal function]: CodeIgniter\Autoloader\Autoloader->loadClass('App\\Controllers...')
#3 [internal function]: spl_autoload_call('App\\Controllers...')
#4 C:\Users\Aluno\Documents\GitHub\codeigniterProjeto3\system\CodeIgniter.php(790): class_exists('\\App\\Controller...', true)
#5 C:\Users\Aluno\Documents\GitHub\codeigniterProjeto3\system\CodeIgniter.php(399): CodeIgniter\CodeIgniter->startController()
#6 C:\Users\Aluno\Documents\GitHub\codeigniterProjeto3\system\CodeIgniter.php(320): CodeIgniter\CodeIgniter->handleRequest(NULL, Object(Config\Cache), false)
#7 C:\Users\Aluno\Documents\GitHub\codeigniterProjeto3\public\index.php(37): CodeIgniter\CodeIgniter->run()
#8 C:\Users\Aluno\Documents\GitHub\codeigniterProjeto3\system\Commands\Server\rewrite.php(43): require_once('C:\\Users\\Aluno\\...')
#9 {main}
ERROR - 2022-05-11 12:40:52 --> Column 'nome' cannot be null
CRITICAL - 2022-05-11 12:40:52 --> Column 'nome' cannot be null
#0 C:\Users\Aluno\Documents\GitHub\codeigniterProjeto3\system\Database\MySQLi\Connection.php(292): mysqli->query('INSERT INTO `tb...', 0)
#1 C:\Users\Aluno\Documents\GitHub\codeigniterProjeto3\system\Database\BaseConnection.php(670): CodeIgniter\Database\MySQLi\Connection->execute('INSERT INTO `tb...')
#2 C:\Users\Aluno\Documents\GitHub\codeigniterProjeto3\system\Database\BaseConnection.php(598): CodeIgniter\Database\BaseConnection->simpleQuery('INSERT INTO `tb...')
#3 C:\Users\Aluno\Documents\GitHub\codeigniterProjeto3\system\Database\BaseBuilder.php(1771): CodeIgniter\Database\BaseConnection->query('INSERT INTO `tb...', Array, false)
#4 C:\Users\Aluno\Documents\GitHub\codeigniterProjeto3\system\Model.php(239): CodeIgniter\Database\BaseBuilder->insert()
#5 C:\Users\Aluno\Documents\GitHub\codeigniterProjeto3\system\BaseModel.php(738): CodeIgniter\Model->doInsert(Array)
#6 C:\Users\Aluno\Documents\GitHub\codeigniterProjeto3\system\Model.php(625): CodeIgniter\BaseModel->insert(Array, false)
#7 C:\Users\Aluno\Documents\GitHub\codeigniterProjeto3\system\BaseModel.php(658): CodeIgniter\Model->insert(Array, false)
#8 C:\Users\Aluno\Documents\GitHub\codeigniterProjeto3\app\Controllers\Home.php(52): CodeIgniter\BaseModel->save(Array)
#9 C:\Users\Aluno\Documents\GitHub\codeigniterProjeto3\system\CodeIgniter.php(825): App\Controllers\Home->gravar()
#10 C:\Users\Aluno\Documents\GitHub\codeigniterProjeto3\system\CodeIgniter.php(412): CodeIgniter\CodeIgniter->runController(Object(App\Controllers\Home))
#11 C:\Users\Aluno\Documents\GitHub\codeigniterProjeto3\system\CodeIgniter.php(320): CodeIgniter\CodeIgniter->handleRequest(NULL, Object(Config\Cache), false)
#12 C:\Users\Aluno\Documents\GitHub\codeigniterProjeto3\public\index.php(37): CodeIgniter\CodeIgniter->run()
#13 C:\Users\Aluno\Documents\GitHub\codeigniterProjeto3\system\Commands\Server\rewrite.php(43): require_once('C:\\Users\\Aluno\\...')
#14 {main}
ERROR - 2022-05-11 12:41:10 --> Column 'nome' cannot be null
CRITICAL - 2022-05-11 12:41:10 --> Column 'nome' cannot be null
#0 C:\Users\Aluno\Documents\GitHub\codeigniterProjeto3\system\Database\MySQLi\Connection.php(292): mysqli->query('INSERT INTO `tb...', 0)
#1 C:\Users\Aluno\Documents\GitHub\codeigniterProjeto3\system\Database\BaseConnection.php(670): CodeIgniter\Database\MySQLi\Connection->execute('INSERT INTO `tb...')
#2 C:\Users\Aluno\Documents\GitHub\codeigniterProjeto3\system\Database\BaseConnection.php(598): CodeIgniter\Database\BaseConnection->simpleQuery('INSERT INTO `tb...')
#3 C:\Users\Aluno\Documents\GitHub\codeigniterProjeto3\system\Database\BaseBuilder.php(1771): CodeIgniter\Database\BaseConnection->query('INSERT INTO `tb...', Array, false)
#4 C:\Users\Aluno\Documents\GitHub\codeigniterProjeto3\system\Model.php(239): CodeIgniter\Database\BaseBuilder->insert()
#5 C:\Users\Aluno\Documents\GitHub\codeigniterProjeto3\system\BaseModel.php(738): CodeIgniter\Model->doInsert(Array)
#6 C:\Users\Aluno\Documents\GitHub\codeigniterProjeto3\system\Model.php(625): CodeIgniter\BaseModel->insert(Array, false)
#7 C:\Users\Aluno\Documents\GitHub\codeigniterProjeto3\system\BaseModel.php(658): CodeIgniter\Model->insert(Array, false)
#8 C:\Users\Aluno\Documents\GitHub\codeigniterProjeto3\app\Controllers\Home.php(52): CodeIgniter\BaseModel->save(Array)
#9 C:\Users\Aluno\Documents\GitHub\codeigniterProjeto3\system\CodeIgniter.php(825): App\Controllers\Home->gravar()
#10 C:\Users\Aluno\Documents\GitHub\codeigniterProjeto3\system\CodeIgniter.php(412): CodeIgniter\CodeIgniter->runController(Object(App\Controllers\Home))
#11 C:\Users\Aluno\Documents\GitHub\codeigniterProjeto3\system\CodeIgniter.php(320): CodeIgniter\CodeIgniter->handleRequest(NULL, Object(Config\Cache), false)
#12 C:\Users\Aluno\Documents\GitHub\codeigniterProjeto3\public\index.php(37): CodeIgniter\CodeIgniter->run()
#13 C:\Users\Aluno\Documents\GitHub\codeigniterProjeto3\system\Commands\Server\rewrite.php(43): require_once('C:\\Users\\Aluno\\...')
#14 {main}
CRITICAL - 2022-05-11 12:41:14 -->  route cannot be found while reverse-routing.
#0 C:\Users\Aluno\Documents\GitHub\codeigniterProjeto3\system\HTTP\RedirectResponse.php(56): CodeIgniter\HTTP\Exceptions\HTTPException::forInvalidRedirectRoute('')
#1 C:\Users\Aluno\Documents\GitHub\codeigniterProjeto3\system\Common.php(832): CodeIgniter\HTTP\RedirectResponse->route(false)
#2 C:\Users\Aluno\Documents\GitHub\codeigniterProjeto3\app\Controllers\Home.php(75): redirect('cadastro-pessoa...')
#3 C:\Users\Aluno\Documents\GitHub\codeigniterProjeto3\system\CodeIgniter.php(825): App\Controllers\Home->editar('4')
#4 C:\Users\Aluno\Documents\GitHub\codeigniterProjeto3\system\CodeIgniter.php(412): CodeIgniter\CodeIgniter->runController(Object(App\Controllers\Home))
#5 C:\Users\Aluno\Documents\GitHub\codeigniterProjeto3\system\CodeIgniter.php(320): CodeIgniter\CodeIgniter->handleRequest(NULL, Object(Config\Cache), false)
#6 C:\Users\Aluno\Documents\GitHub\codeigniterProjeto3\public\index.php(37): CodeIgniter\CodeIgniter->run()
#7 C:\Users\Aluno\Documents\GitHub\codeigniterProjeto3\system\Commands\Server\rewrite.php(43): require_once('C:\\Users\\Aluno\\...')
#8 {main}
CRITICAL - 2022-05-11 12:50:59 --> Invalid file: editar.php
#0 C:\Users\Aluno\Documents\GitHub\codeigniterProjeto3\system\View\View.php(198): CodeIgniter\Exceptions\FrameworkException::forInvalidFile('editar.php')
#1 C:\Users\Aluno\Documents\GitHub\codeigniterProjeto3\system\Common.php(1089): CodeIgniter\View\View->render('editar', Array, true)
#2 C:\Users\Aluno\Documents\GitHub\codeigniterProjeto3\app\Controllers\Home.php(20): view('editar')
#3 C:\Users\Aluno\Documents\GitHub\codeigniterProjeto3\system\CodeIgniter.php(825): App\Controllers\Home->page('editar', 'contato')
#4 C:\Users\Aluno\Documents\GitHub\codeigniterProjeto3\system\CodeIgniter.php(412): CodeIgniter\CodeIgniter->runController(Object(App\Controllers\Home))
#5 C:\Users\Aluno\Documents\GitHub\codeigniterProjeto3\system\CodeIgniter.php(320): CodeIgniter\CodeIgniter->handleRequest(NULL, Object(Config\Cache), false)
#6 C:\Users\Aluno\Documents\GitHub\codeigniterProjeto3\public\index.php(37): CodeIgniter\CodeIgniter->run()
#7 C:\Users\Aluno\Documents\GitHub\codeigniterProjeto3\system\Commands\Server\rewrite.php(43): require_once('C:\\Users\\Aluno\\...')
#8 {main}
CRITICAL - 2022-05-11 12:51:02 --> Invalid file: editar.php
#0 C:\Users\Aluno\Documents\GitHub\codeigniterProjeto3\system\View\View.php(198): CodeIgniter\Exceptions\FrameworkException::forInvalidFile('editar.php')
#1 C:\Users\Aluno\Documents\GitHub\codeigniterProjeto3\system\Common.php(1089): CodeIgniter\View\View->render('editar', Array, true)
#2 C:\Users\Aluno\Documents\GitHub\codeigniterProjeto3\app\Controllers\Home.php(20): view('editar')
#3 C:\Users\Aluno\Documents\GitHub\codeigniterProjeto3\system\CodeIgniter.php(825): App\Controllers\Home->page('editar', 'contato')
#4 C:\Users\Aluno\Documents\GitHub\codeigniterProjeto3\system\CodeIgniter.php(412): CodeIgniter\CodeIgniter->runController(Object(App\Controllers\Home))
#5 C:\Users\Aluno\Documents\GitHub\codeigniterProjeto3\system\CodeIgniter.php(320): CodeIgniter\CodeIgniter->handleRequest(NULL, Object(Config\Cache), false)
#6 C:\Users\Aluno\Documents\GitHub\codeigniterProjeto3\public\index.php(37): CodeIgniter\CodeIgniter->run()
#7 C:\Users\Aluno\Documents\GitHub\codeigniterProjeto3\system\Commands\Server\rewrite.php(43): require_once('C:\\Users\\Aluno\\...')
#8 {main}
CRITICAL - 2022-05-11 12:51:10 --> syntax error, unexpected '?'
#0 C:\Users\Aluno\Documents\GitHub\codeigniterProjeto3\system\View\View.php(213): CodeIgniter\View\View->CodeIgniter\View\{closure}()
#1 C:\Users\Aluno\Documents\GitHub\codeigniterProjeto3\system\Common.php(1089): CodeIgniter\View\View->render('cadastro-pessoa...', Array, true)
#2 C:\Users\Aluno\Documents\GitHub\codeigniterProjeto3\app\Controllers\Home.php(20): view('cadastro-pessoa...')
#3 C:\Users\Aluno\Documents\GitHub\codeigniterProjeto3\system\CodeIgniter.php(825): App\Controllers\Home->page('cadastro-pessoa...')
#4 C:\Users\Aluno\Documents\GitHub\codeigniterProjeto3\system\CodeIgniter.php(412): CodeIgniter\CodeIgniter->runController(Object(App\Controllers\Home))
#5 C:\Users\Aluno\Documents\GitHub\codeigniterProjeto3\system\CodeIgniter.php(320): CodeIgniter\CodeIgniter->handleRequest(NULL, Object(Config\Cache), false)
#6 C:\Users\Aluno\Documents\GitHub\codeigniterProjeto3\public\index.php(37): CodeIgniter\CodeIgniter->run()
#7 C:\Users\Aluno\Documents\GitHub\codeigniterProjeto3\system\Commands\Server\rewrite.php(43): require_once('C:\\Users\\Aluno\\...')
#8 {main}
